Using pre-set license
Built from '2021.1/staging' branch; Version is '2021.1.22f1 (a137e5fb0427) revision 10565605'; Using compiler version '192528614'; Build Type 'Release'
OS: 'Windows 10 Home; OS build 19042.1237; Version 2009; 64bit' Language: 'en' Physical Memory: 16231 MB
BatchMode: 1, IsHumanControllingUs: 0, StartBugReporterOnCrash: 0, Is64bit: 1, IsPro: 0

COMMAND LINE ARGUMENTS:
S:\projects\2021.1.22f1\Editor\Unity.exe
-adb2
-batchMode
-noUpm
-name
AssetImportWorker0
-projectPath
S:/apps/projects/GitHub/Donkey-Kong-Remastered/Donkey Kong Remastered
-logFile
Logs/AssetImportWorker0.log
-srvPort
64128
Successfully changed project path to: S:/apps/projects/GitHub/Donkey-Kong-Remastered/Donkey Kong Remastered
S:/apps/projects/GitHub/Donkey-Kong-Remastered/Donkey Kong Remastered
Using Asset Import Pipeline V2.
Refreshing native plugins compatible for Editor in 69.70 ms, found 3 plugins.
Preloading 0 native plugins for Editor in 0.00 ms.
Initialize engine version: 2021.1.22f1 (a137e5fb0427)
[Subsystems] Discovering subsystems at path S:/projects/2021.1.22f1/Editor/Data/Resources/UnitySubsystems
[Subsystems] Discovering subsystems at path S:/apps/projects/GitHub/Donkey-Kong-Remastered/Donkey Kong Remastered/Assets
GfxDevice: creating device client; threaded=0; jobified=0
Direct3D:
    Version:  Direct3D 11.0 [level 11.1]
    Renderer: NVIDIA GeForce GTX 1660 Ti (ID=0x2191)
    Vendor:   NVIDIA
    VRAM:     5991 MB
    Driver:   27.21.14.6663
Initialize mono
Mono path[0] = 'S:/projects/2021.1.22f1/Editor/Data/Managed'
Mono path[1] = 'S:/projects/2021.1.22f1/Editor/Data/MonoBleedingEdge/lib/mono/unityjit'
Mono config path = 'S:/projects/2021.1.22f1/Editor/Data/MonoBleedingEdge/etc'
Using monoOptions --debugger-agent=transport=dt_socket,embedding=1,server=y,suspend=n,address=127.0.0.1:56640
Begin MonoManager ReloadAssembly
Registering precompiled unity dll's ...
Register platform support module: S:/projects/2021.1.22f1/Editor/Data/PlaybackEngines/WebGLSupport/UnityEditor.WebGL.Extensions.dll
Register platform support module: S:/projects/2021.1.22f1/Editor/Data/PlaybackEngines/WindowsStandaloneSupport/UnityEditor.WindowsStandalone.Extensions.dll
Registered in 0.001199 seconds.
Native extension for WindowsStandalone target not found
Native extension for WebGL target not found
Refreshing native plugins compatible for Editor in 71.06 ms, found 3 plugins.
Preloading 0 native plugins for Editor in 0.00 ms.
Mono: successfully reloaded assembly
- Completed reload, in  1.035 seconds
Domain Reload Profiling:
	ReloadAssembly (1035ms)
		BeginReloadAssembly (56ms)
			ExecutionOrderSort (0ms)
			DisableScriptedObjects (0ms)
			BackupInstance (0ms)
			ReleaseScriptingObjects (0ms)
			CreateAndSetChildDomain (1ms)
		EndReloadAssembly (413ms)
			LoadAssemblies (55ms)
			RebuildTransferFunctionScriptingTraits (0ms)
			SetupTypeCache (150ms)
			ReleaseScriptCaches (0ms)
			RebuildScriptCaches (30ms)
			SetupLoadedEditorAssemblies (196ms)
				LogAssemblyErrors (0ms)
				InitializePlatformSupportModulesInManaged (6ms)
				SetLoadedEditorAssemblies (0ms)
				RefreshPlugins (71ms)
				BeforeProcessingInitializeOnLoad (1ms)
				ProcessInitializeOnLoadAttributes (90ms)
				ProcessInitializeOnLoadMethodAttributes (27ms)
				AfterProcessingInitializeOnLoad (0ms)
				EditorAssembliesLoaded (0ms)
			ExecutionOrderSort2 (0ms)
			AwakeInstancesAfterBackupRestoration (0ms)
Platform modules already initialized, skipping
Registering precompiled user dll's ...
Registered in 0.003286 seconds.
Begin MonoManager ReloadAssembly
Symbol file LoadedFromMemory doesn't match image S:\apps\projects\GitHub\Donkey-Kong-Remastered\Donkey Kong Remastered\Library\PackageCache\com.unity.visualscripting@1.6.1\Editor\VisualScripting.Core\Dependencies\YamlDotNet\Unity.VisualScripting.YamlDotNet.dll
Symbol file LoadedFromMemory doesn't match image S:\apps\projects\GitHub\Donkey-Kong-Remastered\Donkey Kong Remastered\Library\PackageCache\com.unity.visualscripting@1.6.1\Editor\VisualScripting.Core\Dependencies\DotNetZip\Unity.VisualScripting.IonicZip.dll
Native extension for WindowsStandalone target not found
Native extension for WebGL target not found
Refreshing native plugins compatible for Editor in 0.52 ms, found 3 plugins.
Preloading 0 native plugins for Editor in 0.00 ms.
Mono: successfully reloaded assembly
- Completed reload, in  0.990 seconds
Domain Reload Profiling:
	ReloadAssembly (990ms)
		BeginReloadAssembly (148ms)
			ExecutionOrderSort (0ms)
			DisableScriptedObjects (4ms)
			BackupInstance (0ms)
			ReleaseScriptingObjects (0ms)
			CreateAndSetChildDomain (19ms)
		EndReloadAssembly (793ms)
			LoadAssemblies (84ms)
			RebuildTransferFunctionScriptingTraits (0ms)
			SetupTypeCache (308ms)
			ReleaseScriptCaches (1ms)
			RebuildScriptCaches (43ms)
			SetupLoadedEditorAssemblies (278ms)
				LogAssemblyErrors (0ms)
				InitializePlatformSupportModulesInManaged (5ms)
				SetLoadedEditorAssemblies (0ms)
				RefreshPlugins (1ms)
				BeforeProcessingInitializeOnLoad (56ms)
				ProcessInitializeOnLoadAttributes (209ms)
				ProcessInitializeOnLoadMethodAttributes (4ms)
				AfterProcessingInitializeOnLoad (4ms)
				EditorAssembliesLoaded (0ms)
			ExecutionOrderSort2 (0ms)
			AwakeInstancesAfterBackupRestoration (7ms)
Platform modules already initialized, skipping
========================================================================
Worker process is ready to serve import requests
Launched and connected shader compiler UnityShaderCompiler.exe after 0.09 seconds
Refreshing native plugins compatible for Editor in 0.58 ms, found 3 plugins.
Preloading 0 native plugins for Editor in 0.00 ms.
Unloading 2955 Unused Serialized files (Serialized files now loaded: 0)
System memory in use before: 118.2 MB.
System memory in use after: 118.4 MB.

Unloading 20 unused Assets to reduce memory usage. Loaded Objects now: 3418.
Total: 3.097500 ms (FindLiveObjects: 0.225400 ms CreateObjectMapping: 0.112700 ms MarkObjects: 2.696300 ms  DeleteObjects: 0.062100 ms)

AssetImportParameters requested are different than current active one (requested -> active):
  custom:framework-win-MediaFoundation: 216162199b28c13a410421893ffa2e32 -> 
  custom:video-decoder-ogg-theora: a1e56fd34408186e4bbccfd4996cb3dc -> 
  custom:container-muxer-webm: aa71ff27fc2769a1b78a27578f13a17b -> 
  custom:container-demuxer-webm: 4f35f7cbe854078d1ac9338744f61a02 -> 
  custom:container-demuxer-ogg: 62fdf1f143b41e24485cea50d1cbac27 -> 
  custom:video-encoder-webm-vp8: eb34c28f22e8b96e1ab97ce403110664 -> 
  custom:video-decoder-webm-vp8: 9c59270c3fd7afecdb556c50c9e8de78 -> 
  custom:audio-decoder-ogg-vorbis: bf7c407c2cedff20999df2af8eb42d56 -> 
  custom:audio-encoder-webm-vorbis: bf7c407c2cedff20999df2af8eb42d56 -> 
========================================================================
Received Import Request.
  path: Assets/New Terrain.asset
  artifactKey: Guid(4a595ea3e56abe64494cb2dac078d9ba) Importer(815301076,1909f56bfc062723c751e8b465ee728b)
Start importing Assets/New Terrain.asset using Guid(4a595ea3e56abe64494cb2dac078d9ba) Importer(815301076,1909f56bfc062723c751e8b465ee728b)  -> (artifact id: 'aaf52a7e487c422a83190c9aa9546c70') in 0.051837 seconds 
========================================================================
Received Import Request.
  Time since last request: 14.950727 seconds.
  path: Packages/com.unity.ext.nunit
  artifactKey: Guid(25a477c2f24db8778a4179421a32cc21) Importer(815301076,1909f56bfc062723c751e8b465ee728b)
Start importing Packages/com.unity.ext.nunit using Guid(25a477c2f24db8778a4179421a32cc21) Importer(815301076,1909f56bfc062723c751e8b465ee728b)  -> (artifact id: 'de8b3f671dc9f0a57b867a67d4aae8de') in 0.007604 seconds 
========================================================================
Received Import Request.
  Time since last request: 0.086464 seconds.
  path: Packages/com.unity.ext.nunit/package.json
  artifactKey: Guid(8143d3a8390f2c64685e3bc272bd9e90) Importer(815301076,1909f56bfc062723c751e8b465ee728b)
Start importing Packages/com.unity.ext.nunit/package.json using Guid(8143d3a8390f2c64685e3bc272bd9e90) Importer(815301076,1909f56bfc062723c751e8b465ee728b)  -> (artifact id: '36f449bd9ed4a92e06d659da724da745') in 0.025081 seconds 
========================================================================
Received Import Request.
  Time since last request: 159.530277 seconds.
  path: Assets/QS
  artifactKey: Guid(98576ab98a3450845b7026d3f245c0b7) Importer(815301076,1909f56bfc062723c751e8b465ee728b)
Start importing Assets/QS using Guid(98576ab98a3450845b7026d3f245c0b7) Importer(815301076,1909f56bfc062723c751e8b465ee728b)  -> (artifact id: 'e1c2fafd58aedcf99b57b8631bb7f020') in 0.008955 seconds 
========================================================================
Received Import Request.
  Time since last request: 1.028874 seconds.
  path: Assets/QS/QS-Textures-Grass-v1
  artifactKey: Guid(a494362051271d046a0df533cf24475f) Importer(815301076,1909f56bfc062723c751e8b465ee728b)
Start importing Assets/QS/QS-Textures-Grass-v1 using Guid(a494362051271d046a0df533cf24475f) Importer(815301076,1909f56bfc062723c751e8b465ee728b)  -> (artifact id: '06992a659318131245f2cc80c2aa1532') in 0.008194 seconds 
========================================================================
Received Import Request.
  Time since last request: 94.397495 seconds.
  path: Assets/QS/QS-Textures-Grass-v1/Materials
  artifactKey: Guid(fe0a0f0b9a2bf684e870685423c054a2) Importer(815301076,1909f56bfc062723c751e8b465ee728b)
Start importing Assets/QS/QS-Textures-Grass-v1/Materials using Guid(fe0a0f0b9a2bf684e870685423c054a2) Importer(815301076,1909f56bfc062723c751e8b465ee728b)  -> (artifact id: '90914bab5bd8a5b5cb80ccedc6b91d60') in 0.011037 seconds 
========================================================================
Received Import Request.
  Time since last request: 0.064564 seconds.
  path: Assets/QS/QS-Textures-Grass-v1/Materials/QS-GRASS-1.1.mat
  artifactKey: Guid(4167230534a52bb4d9073a435cafff7a) Importer(815301076,1909f56bfc062723c751e8b465ee728b)
Start importing Assets/QS/QS-Textures-Grass-v1/Materials/QS-GRASS-1.1.mat using Guid(4167230534a52bb4d9073a435cafff7a) Importer(815301076,1909f56bfc062723c751e8b465ee728b)  -> (artifact id: 'a35de43f63e888cca485d461c7fcb14f') in 0.219425 seconds 
========================================================================
Received Import Request.
  Time since last request: 0.000254 seconds.
  path: Assets/QS/QS-Textures-Grass-v1/Materials/QS-GRASS-5.1.mat
  artifactKey: Guid(73996a8ad321ed94a963ba91c795655c) Importer(815301076,1909f56bfc062723c751e8b465ee728b)
Start importing Assets/QS/QS-Textures-Grass-v1/Materials/QS-GRASS-5.1.mat using Guid(73996a8ad321ed94a963ba91c795655c) Importer(815301076,1909f56bfc062723c751e8b465ee728b)  -> (artifact id: '2bd50b6cd8d393d6725c56cab71cdcf8') in 0.025217 seconds 
========================================================================
Received Import Request.
  Time since last request: 0.000237 seconds.
  path: Assets/QS/QS-Textures-Grass-v1/Materials/QS-GRASS-9.1.mat
  artifactKey: Guid(78ebcdd3e5c01fc4a9903952d644cbbf) Importer(815301076,1909f56bfc062723c751e8b465ee728b)
Start importing Assets/QS/QS-Textures-Grass-v1/Materials/QS-GRASS-9.1.mat using Guid(78ebcdd3e5c01fc4a9903952d644cbbf) Importer(815301076,1909f56bfc062723c751e8b465ee728b)  -> (artifact id: 'e824379007d01a7e64b1d060f864c534') in 0.013236 seconds 
========================================================================
Received Import Request.
  Time since last request: 0.000284 seconds.
  path: Assets/QS/QS-Textures-Grass-v1/Materials/QS-GRASS-10.1.mat
  artifactKey: Guid(195886598c796944d9b61f55745b3635) Importer(815301076,1909f56bfc062723c751e8b465ee728b)
Start importing Assets/QS/QS-Textures-Grass-v1/Materials/QS-GRASS-10.1.mat using Guid(195886598c796944d9b61f55745b3635) Importer(815301076,1909f56bfc062723c751e8b465ee728b)  -> (artifact id: '69411d614f34d97bc3962d6cd5bd3781') in 0.014758 seconds 
========================================================================
Received Import Request.
  Time since last request: 0.000208 seconds.
  path: Assets/QS/QS-Textures-Grass-v1/Materials/QS-GRASS-8.1.mat
  artifactKey: Guid(d016af9cb9d0e044d98ec2af98dc93ce) Importer(815301076,1909f56bfc062723c751e8b465ee728b)
Start importing Assets/QS/QS-Textures-Grass-v1/Materials/QS-GRASS-8.1.mat using Guid(d016af9cb9d0e044d98ec2af98dc93ce) Importer(815301076,1909f56bfc062723c751e8b465ee728b)  -> (artifact id: '13ebed78f398c734dc9213f26167dbc5') in 0.011451 seconds 
========================================================================
Received Import Request.
  Time since last request: 0.000225 seconds.
  path: Assets/QS/QS-Textures-Grass-v1/Materials/QS-GRASS-7.1.mat
  artifactKey: Guid(9661e7c70e2954b45acfb10ce490c36b) Importer(815301076,1909f56bfc062723c751e8b465ee728b)
Start importing Assets/QS/QS-Textures-Grass-v1/Materials/QS-GRASS-7.1.mat using Guid(9661e7c70e2954b45acfb10ce490c36b) Importer(815301076,1909f56bfc062723c751e8b465ee728b)  -> (artifact id: '4053549bdbcff7159a29f72942512b93') in 0.013483 seconds 
========================================================================
Received Import Request.
  Time since last request: 0.000209 seconds.
  path: Assets/QS/QS-Textures-Grass-v1/Materials/QS-GRASS-3.1.mat
  artifactKey: Guid(5f208e503b1f2c04aad5dc65bb51eef1) Importer(815301076,1909f56bfc062723c751e8b465ee728b)
Start importing Assets/QS/QS-Textures-Grass-v1/Materials/QS-GRASS-3.1.mat using Guid(5f208e503b1f2c04aad5dc65bb51eef1) Importer(815301076,1909f56bfc062723c751e8b465ee728b)  -> (artifact id: 'e92489f987313b674e63aa27f54b71ac') in 0.013119 seconds 
========================================================================
Received Import Request.
  Time since last request: 0.000261 seconds.
  path: Assets/QS/QS-Textures-Grass-v1/Materials/QS-GRASS-4.1.mat
  artifactKey: Guid(ce7994312a92b6a4db77f2b1ef9214bc) Importer(815301076,1909f56bfc062723c751e8b465ee728b)
Start importing Assets/QS/QS-Textures-Grass-v1/Materials/QS-GRASS-4.1.mat using Guid(ce7994312a92b6a4db77f2b1ef9214bc) Importer(815301076,1909f56bfc062723c751e8b465ee728b)  -> (artifact id: '82d3a127f3f681b64b45da8405050b57') in 0.011929 seconds 
========================================================================
Received Import Request.
  Time since last request: 0.000212 seconds.
  path: Assets/QS/QS-Textures-Grass-v1/Materials/QS-GRASS-2.1.mat
  artifactKey: Guid(921ee172916c4154ab9e684b7441eec4) Importer(815301076,1909f56bfc062723c751e8b465ee728b)
Start importing Assets/QS/QS-Textures-Grass-v1/Materials/QS-GRASS-2.1.mat using Guid(921ee172916c4154ab9e684b7441eec4) Importer(815301076,1909f56bfc062723c751e8b465ee728b)  -> (artifact id: 'd4f787a375120be80a669d6c71d5b5fa') in 0.013978 seconds 
========================================================================
Received Import Request.
  Time since last request: 0.000305 seconds.
  path: Assets/QS/QS-Textures-Grass-v1/Materials/QS-GRASS-6.1.mat
  artifactKey: Guid(4c020fa31514bcc4d99927874da69cc1) Importer(815301076,1909f56bfc062723c751e8b465ee728b)
Start importing Assets/QS/QS-Textures-Grass-v1/Materials/QS-GRASS-6.1.mat using Guid(4c020fa31514bcc4d99927874da69cc1) Importer(815301076,1909f56bfc062723c751e8b465ee728b)  -> (artifact id: '0da4527811b7af119541ba37dc354bd3') in 0.013315 seconds 
========================================================================
Received Import Request.
  Time since last request: 55.190855 seconds.
  path: Assets/QS/QS-Textures-Grass-v1/Textures/QS-GRASS-1.1.png
  artifactKey: Guid(13fd3dd52bf157845864087bf321dbff) Importer(815301076,1909f56bfc062723c751e8b465ee728b)
Start importing Assets/QS/QS-Textures-Grass-v1/Textures/QS-GRASS-1.1.png using Guid(13fd3dd52bf157845864087bf321dbff) Importer(815301076,1909f56bfc062723c751e8b465ee728b)  -> (artifact id: 'b9ed2a23e703be039cc7c10c2b6e511a') in 0.032379 seconds 
========================================================================
Received Import Request.
  Time since last request: 0.000297 seconds.
  path: Assets/QS/QS-Textures-Grass-v1/Textures/QS-GRASS-9.png
  artifactKey: Guid(8d55ff15069da024c8d559c9b71e71b9) Importer(815301076,1909f56bfc062723c751e8b465ee728b)
Start importing Assets/QS/QS-Textures-Grass-v1/Textures/QS-GRASS-9.png using Guid(8d55ff15069da024c8d559c9b71e71b9) Importer(815301076,1909f56bfc062723c751e8b465ee728b)  -> (artifact id: '6c1c52773693a40bd25358fbb3a2bbcb') in 0.014378 seconds 
========================================================================
Received Import Request.
  Time since last request: 0.000262 seconds.
  path: Assets/QS/QS-Textures-Grass-v1/Textures/QS-GRASS-3.1.png
  artifactKey: Guid(d328323ac18b12b4eacc6998b100dace) Importer(815301076,1909f56bfc062723c751e8b465ee728b)
Start importing Assets/QS/QS-Textures-Grass-v1/Textures/QS-GRASS-3.1.png using Guid(d328323ac18b12b4eacc6998b100dace) Importer(815301076,1909f56bfc062723c751e8b465ee728b)  -> (artifact id: 'c1c9e97d8eb1cbfa82bb55d6ec3f5340') in 0.013753 seconds 
========================================================================
Received Import Request.
  Time since last request: 0.000310 seconds.
  path: Assets/QS/QS-Textures-Grass-v1/Textures/QS-GRASS-2.1.png
  artifactKey: Guid(9258a574148383549ac8f525404331bb) Importer(815301076,1909f56bfc062723c751e8b465ee728b)
Start importing Assets/QS/QS-Textures-Grass-v1/Textures/QS-GRASS-2.1.png using Guid(9258a574148383549ac8f525404331bb) Importer(815301076,1909f56bfc062723c751e8b465ee728b)  -> (artifact id: '407e3a91304e52fc11ffc32e52736d80') in 0.015525 seconds 
========================================================================
Received Import Request.
  Time since last request: 0.000244 seconds.
  path: Assets/QS/QS-Textures-Grass-v1/Textures/QS-GRASS-8.1.png
  artifactKey: Guid(84da742bd36439745a3e5bda7e7f1387) Importer(815301076,1909f56bfc062723c751e8b465ee728b)
Start importing Assets/QS/QS-Textures-Grass-v1/Textures/QS-GRASS-8.1.png using Guid(84da742bd36439745a3e5bda7e7f1387) Importer(815301076,1909f56bfc062723c751e8b465ee728b)  -> (artifact id: 'a9b4649a9703210bead27fcda47ad38a') in 0.022456 seconds 
========================================================================
Received Import Request.
  Time since last request: 0.000271 seconds.
  path: Assets/QS/QS-Textures-Grass-v1/Textures/QS-GRASS-4.1.png
  artifactKey: Guid(487e8c740f10d6e42a9134485b82d150) Importer(815301076,1909f56bfc062723c751e8b465ee728b)
Start importing Assets/QS/QS-Textures-Grass-v1/Textures/QS-GRASS-4.1.png using Guid(487e8c740f10d6e42a9134485b82d150) Importer(815301076,1909f56bfc062723c751e8b465ee728b)  -> (artifact id: 'b3b66d80dc4cd9dee6c6288f9a1f2341') in 0.019372 seconds 
========================================================================
Received Import Request.
  Time since last request: 0.000246 seconds.
  path: Assets/QS/QS-Textures-Grass-v1/Textures/QS-GRASS-9.1.png
  artifactKey: Guid(b7db08026c22ca2448703b02a6c2ca42) Importer(815301076,1909f56bfc062723c751e8b465ee728b)
Start importing Assets/QS/QS-Textures-Grass-v1/Textures/QS-GRASS-9.1.png using Guid(b7db08026c22ca2448703b02a6c2ca42) Importer(815301076,1909f56bfc062723c751e8b465ee728b)  -> (artifact id: '5122bbc904ae1772c916728dc7887973') in 0.021988 seconds 
========================================================================
Received Import Request.
  Time since last request: 0.000271 seconds.
  path: Assets/QS/QS-Textures-Grass-v1/Textures/QS-GRASS-5.1.png
  artifactKey: Guid(3f74625973561224b8d54f04f8549029) Importer(815301076,1909f56bfc062723c751e8b465ee728b)
Start importing Assets/QS/QS-Textures-Grass-v1/Textures/QS-GRASS-5.1.png using Guid(3f74625973561224b8d54f04f8549029) Importer(815301076,1909f56bfc062723c751e8b465ee728b)  -> (artifact id: 'aff4ba108c643391c64b4b54bf0acf8b') in 0.022568 seconds 
========================================================================
Received Import Request.
  Time since last request: 0.000251 seconds.
  path: Assets/QS/QS-Textures-Grass-v1/Textures/QS-GRASS-6.1.png
  artifactKey: Guid(e976a3fb05af8ff49852a29592031e49) Importer(815301076,1909f56bfc062723c751e8b465ee728b)
Start importing Assets/QS/QS-Textures-Grass-v1/Textures/QS-GRASS-6.1.png using Guid(e976a3fb05af8ff49852a29592031e49) Importer(815301076,1909f56bfc062723c751e8b465ee728b)  -> (artifact id: 'b0339d8f1dbc885e137e2bdf2da5332d') in 0.017656 seconds 
========================================================================
Received Import Request.
  Time since last request: 0.000282 seconds.
  path: Assets/QS/QS-Textures-Grass-v1/Textures/QS-GRASS-7.1.png
  artifactKey: Guid(30915eb6d6267ed49bfb794a0e622444) Importer(815301076,1909f56bfc062723c751e8b465ee728b)
Start importing Assets/QS/QS-Textures-Grass-v1/Textures/QS-GRASS-7.1.png using Guid(30915eb6d6267ed49bfb794a0e622444) Importer(815301076,1909f56bfc062723c751e8b465ee728b)  -> (artifact id: '85dd4bb6fc103445b72492ae1679b052') in 0.015198 seconds 
========================================================================
Received Import Request.
  Time since last request: 211.583436 seconds.
  path: Assets/QS/QS-Textures-Grass-v1/Documentation/Readme.txt
  artifactKey: Guid(49bfa37b6b6ea7e409ca7faeb7a2c7a1) Importer(815301076,1909f56bfc062723c751e8b465ee728b)
Start importing Assets/QS/QS-Textures-Grass-v1/Documentation/Readme.txt using Guid(49bfa37b6b6ea7e409ca7faeb7a2c7a1) Importer(815301076,1909f56bfc062723c751e8b465ee728b)  -> (artifact id: '3d297bdc91c17ea82295ecd7ff40efeb') in 0.012424 seconds 
========================================================================
Received Import Request.
  Time since last request: 203.690070 seconds.
  path: Assets/New Terrain.asset
  artifactKey: Guid(4a595ea3e56abe64494cb2dac078d9ba) Importer(815301076,1909f56bfc062723c751e8b465ee728b)
Start importing Assets/New Terrain.asset using Guid(4a595ea3e56abe64494cb2dac078d9ba) Importer(815301076,1909f56bfc062723c751e8b465ee728b)  -> (artifact id: '30a728a16961855d4ba15f1011bbfc2b') in 0.019508 seconds 
========================================================================
Received Import Request.
  Time since last request: 0.000280 seconds.
  path: Assets/NewLayer.terrainlayer
  artifactKey: Guid(0bb5b540bbf84ad478ed8af7c6eb57a8) Importer(815301076,1909f56bfc062723c751e8b465ee728b)
Start importing Assets/NewLayer.terrainlayer using Guid(0bb5b540bbf84ad478ed8af7c6eb57a8) Importer(815301076,1909f56bfc062723c751e8b465ee728b)  -> (artifact id: 'd7bc315ebe0a7673d979b9bd677cdff9') in 0.020649 seconds 
========================================================================
Received Prepare
Registering precompiled user dll's ...
Registered in 0.003257 seconds.
Begin MonoManager ReloadAssembly
Symbol file LoadedFromMemory doesn't match image S:\apps\projects\GitHub\Donkey-Kong-Remastered\Donkey Kong Remastered\Library\PackageCache\com.unity.visualscripting@1.6.1\Editor\VisualScripting.Core\Dependencies\YamlDotNet\Unity.VisualScripting.YamlDotNet.dll
Symbol file LoadedFromMemory doesn't match image S:\apps\projects\GitHub\Donkey-Kong-Remastered\Donkey Kong Remastered\Library\PackageCache\com.unity.visualscripting@1.6.1\Editor\VisualScripting.Core\Dependencies\DotNetZip\Unity.VisualScripting.IonicZip.dll
Native extension for WindowsStandalone target not found
Native extension for WebGL target not found
Refreshing native plugins compatible for Editor in 0.53 ms, found 3 plugins.
Preloading 0 native plugins for Editor in 0.00 ms.
Mono: successfully reloaded assembly
- Completed reload, in  0.941 seconds
Domain Reload Profiling:
	ReloadAssembly (941ms)
		BeginReloadAssembly (118ms)
			ExecutionOrderSort (0ms)
			DisableScriptedObjects (4ms)
			BackupInstance (0ms)
			ReleaseScriptingObjects (0ms)
			CreateAndSetChildDomain (35ms)
		EndReloadAssembly (774ms)
			LoadAssemblies (85ms)
			RebuildTransferFunctionScriptingTraits (0ms)
			SetupTypeCache (301ms)
			ReleaseScriptCaches (1ms)
			RebuildScriptCaches (35ms)
			SetupLoadedEditorAssemblies (246ms)
				LogAssemblyErrors (0ms)
				InitializePlatformSupportModulesInManaged (5ms)
				SetLoadedEditorAssemblies (0ms)
				RefreshPlugins (1ms)
				BeforeProcessingInitializeOnLoad (42ms)
				ProcessInitializeOnLoadAttributes (192ms)
				ProcessInitializeOnLoadMethodAttributes (3ms)
				AfterProcessingInitializeOnLoad (2ms)
				EditorAssembliesLoaded (0ms)
			ExecutionOrderSort2 (0ms)
			AwakeInstancesAfterBackupRestoration (13ms)
Platform modules already initialized, skipping
Refreshing native plugins compatible for Editor in 0.52 ms, found 3 plugins.
Preloading 0 native plugins for Editor in 0.00 ms.
Unloading 2978 Unused Serialized files (Serialized files now loaded: 0)
System memory in use before: 134.6 MB.
System memory in use after: 131.7 MB.

Unloading 28 unused Assets to reduce memory usage. Loaded Objects now: 3633.
Total: 4.181300 ms (FindLiveObjects: 0.238700 ms CreateObjectMapping: 0.133300 ms MarkObjects: 2.809600 ms  DeleteObjects: 0.999100 ms)

AssetImportParameters requested are different than current active one (requested -> active):
  custom:framework-win-MediaFoundation: 216162199b28c13a410421893ffa2e32 -> 
  custom:video-decoder-ogg-theora: a1e56fd34408186e4bbccfd4996cb3dc -> 
  custom:container-muxer-webm: aa71ff27fc2769a1b78a27578f13a17b -> 
  custom:container-demuxer-webm: 4f35f7cbe854078d1ac9338744f61a02 -> 
  custom:container-demuxer-ogg: 62fdf1f143b41e24485cea50d1cbac27 -> 
  custom:video-encoder-webm-vp8: eb34c28f22e8b96e1ab97ce403110664 -> 
  custom:video-decoder-webm-vp8: 9c59270c3fd7afecdb556c50c9e8de78 -> 
  custom:audio-decoder-ogg-vorbis: bf7c407c2cedff20999df2af8eb42d56 -> 
  custom:audio-encoder-webm-vorbis: bf7c407c2cedff20999df2af8eb42d56 -> 
========================================================================
Received Import Request.
  Time since last request: 79.938107 seconds.
  path: Assets/Ultimate 10 Plus Shaders
  artifactKey: Guid(0ddd4e884d91b1d4f8b9d00f2d2a513f) Importer(815301076,1909f56bfc062723c751e8b465ee728b)
Start importing Assets/Ultimate 10 Plus Shaders using Guid(0ddd4e884d91b1d4f8b9d00f2d2a513f) Importer(815301076,1909f56bfc062723c751e8b465ee728b)  -> (artifact id: 'f9cc270cbb36ec264cf052143ac9d31a') in 0.010705 seconds 
========================================================================
Received Import Request.
  Time since last request: 2.702191 seconds.
  path: Assets/Ultimate 10 Plus Shaders/arial.ttf
  artifactKey: Guid(19ecd568395677d498b8dd3cbfc47142) Importer(815301076,1909f56bfc062723c751e8b465ee728b)
Start importing Assets/Ultimate 10 Plus Shaders/arial.ttf using Guid(19ecd568395677d498b8dd3cbfc47142) Importer(815301076,1909f56bfc062723c751e8b465ee728b)  -> (artifact id: '2cca429d1a32181029c2c4826c10acef') in 0.066966 seconds 
========================================================================
Received Import Request.
  Time since last request: 2.777904 seconds.
  path: Assets/Ultimate 10 Plus Shaders/Shaders
  artifactKey: Guid(7abb74942295fc244bdfe8bb8236881d) Importer(815301076,1909f56bfc062723c751e8b465ee728b)
Start importing Assets/Ultimate 10 Plus Shaders/Shaders using Guid(7abb74942295fc244bdfe8bb8236881d) Importer(815301076,1909f56bfc062723c751e8b465ee728b)  -> (artifact id: 'b6057d89d8d7feebd146f2ad4495ab55') in 0.006669 seconds 
========================================================================
Received Import Request.
  Time since last request: 1.877546 seconds.
  path: Assets/Ultimate 10 Plus Shaders/Shaders/Plexus
  artifactKey: Guid(55684000f4861884493956bf176688a4) Importer(815301076,1909f56bfc062723c751e8b465ee728b)
Start importing Assets/Ultimate 10 Plus Shaders/Shaders/Plexus using Guid(55684000f4861884493956bf176688a4) Importer(815301076,1909f56bfc062723c751e8b465ee728b)  -> (artifact id: '68add4b3eb16e0039e21a16506ee72ea') in 0.006917 seconds 
========================================================================
Received Import Request.
  Time since last request: 0.125683 seconds.
  path: Assets/Ultimate 10 Plus Shaders/Shaders/Plexus/Plexus Line Material.mat
  artifactKey: Guid(046739a9e8dbba24e8183a7a3cdfbb9a) Importer(815301076,1909f56bfc062723c751e8b465ee728b)
Start importing Assets/Ultimate 10 Plus Shaders/Shaders/Plexus/Plexus Line Material.mat using Guid(046739a9e8dbba24e8183a7a3cdfbb9a) Importer(815301076,1909f56bfc062723c751e8b465ee728b)  -> (artifact id: 'ba141280cef7ac400edac2058e771ccf') in 0.014055 seconds 
========================================================================
Received Import Request.
  Time since last request: 0.000281 seconds.
  path: Assets/Ultimate 10 Plus Shaders/Shaders/Plexus/Plexus.compute
  artifactKey: Guid(0396ae06a645dc94696336944bc11f1f) Importer(815301076,1909f56bfc062723c751e8b465ee728b)
Start importing Assets/Ultimate 10 Plus Shaders/Shaders/Plexus/Plexus.compute using Guid(0396ae06a645dc94696336944bc11f1f) Importer(815301076,1909f56bfc062723c751e8b465ee728b)  -> (artifact id: 'ebc1b48231e04a3cacc56a21f4c0ab85') in 0.005698 seconds 
========================================================================
Received Import Request.
  Time since last request: 3.637516 seconds.
  path: Assets/Ultimate 10 Plus Shaders/Materials
  artifactKey: Guid(878e8ea14dcd14b47962dca08e365d2b) Importer(815301076,1909f56bfc062723c751e8b465ee728b)
Start importing Assets/Ultimate 10 Plus Shaders/Materials using Guid(878e8ea14dcd14b47962dca08e365d2b) Importer(815301076,1909f56bfc062723c751e8b465ee728b)  -> (artifact id: '8f8f596292a481c2e7f2e8a4a8580a5c') in 0.002618 seconds 
========================================================================
Received Import Request.
  Time since last request: 0.986926 seconds.
  path: Assets/Ultimate 10 Plus Shaders/3D Models
  artifactKey: Guid(71999ee7a97214645a9f2eef1fa186c2) Importer(815301076,1909f56bfc062723c751e8b465ee728b)
Start importing Assets/Ultimate 10 Plus Shaders/3D Models using Guid(71999ee7a97214645a9f2eef1fa186c2) Importer(815301076,1909f56bfc062723c751e8b465ee728b)  -> (artifact id: '57606df54a21fa59bbb135c24952e7ae') in 0.006724 seconds 
========================================================================
Received Import Request.
  Time since last request: 0.067029 seconds.
  path: Assets/Ultimate 10 Plus Shaders/3D Models/Grass_Mesh.fbx
  artifactKey: Guid(446648e11dc37c4458f9af0b19ebb9d1) Importer(815301076,1909f56bfc062723c751e8b465ee728b)
Start importing Assets/Ultimate 10 Plus Shaders/3D Models/Grass_Mesh.fbx using Guid(446648e11dc37c4458f9af0b19ebb9d1) Importer(815301076,1909f56bfc062723c751e8b465ee728b)  -> (artifact id: '9798788662c165707f822e24690f1393') in 0.270126 seconds 
========================================================================
Received Import Request.
  Time since last request: 0.000248 seconds.
  path: Assets/Ultimate 10 Plus Shaders/3D Models/Rock.fbx
  artifactKey: Guid(dfb9706df9ac8264ebf1e58976096256) Importer(815301076,1909f56bfc062723c751e8b465ee728b)
Start importing Assets/Ultimate 10 Plus Shaders/3D Models/Rock.fbx using Guid(dfb9706df9ac8264ebf1e58976096256) Importer(815301076,1909f56bfc062723c751e8b465ee728b)  -> (artifact id: 'c67f8a758d0479a9dd5651565312fcb7') in 0.016911 seconds 
========================================================================
Received Import Request.
  Time since last request: 22.670610 seconds.
  path: Assets/Ultimate 10 Plus Shaders/Scenes
  artifactKey: Guid(f3ac088460f7c7844bb654adcda08e27) Importer(815301076,1909f56bfc062723c751e8b465ee728b)
Start importing Assets/Ultimate 10 Plus Shaders/Scenes using Guid(f3ac088460f7c7844bb654adcda08e27) Importer(815301076,1909f56bfc062723c751e8b465ee728b)  -> (artifact id: 'c7ad1bc46dd06e67ab9615d40447c163') in 0.006520 seconds 
========================================================================
Received Import Request.
  Time since last request: 3.551857 seconds.
  path: Assets/Ultimate 10 Plus Shaders/Scenes/Review_Profiles
  artifactKey: Guid(f8bc6749e44ec3442815b4ddff93026e) Importer(815301076,1909f56bfc062723c751e8b465ee728b)
Start importing Assets/Ultimate 10 Plus Shaders/Scenes/Review_Profiles using Guid(f8bc6749e44ec3442815b4ddff93026e) Importer(815301076,1909f56bfc062723c751e8b465ee728b)  -> (artifact id: 'c8fec9328b5510d670262856c8bf7329') in 0.008159 seconds 
========================================================================
Received Import Request.
  Time since last request: 0.246433 seconds.
  path: Assets/Ultimate 10 Plus Shaders/Scenes/Review_Profiles/Post-process Volume Profile.asset
  artifactKey: Guid(570d3d0b61224cc48990fb54a93a0d5e) Importer(815301076,1909f56bfc062723c751e8b465ee728b)
Start importing Assets/Ultimate 10 Plus Shaders/Scenes/Review_Profiles/Post-process Volume Profile.asset using Guid(570d3d0b61224cc48990fb54a93a0d5e) Importer(815301076,1909f56bfc062723c751e8b465ee728b)  -> (artifact id: '26311cdb4448b056f8426691d19681ea') in 0.007123 seconds 
========================================================================
Received Import Request.
  Time since last request: 40.084920 seconds.
  path: Assets/Materials/lava.mat
  artifactKey: Guid(1316f5d5921871845a713d5a13164b96) Importer(815301076,1909f56bfc062723c751e8b465ee728b)
Start importing Assets/Materials/lava.mat using Guid(1316f5d5921871845a713d5a13164b96) Importer(815301076,1909f56bfc062723c751e8b465ee728b)  -> (artifact id: 'a446fc7531a06a7ed383198b41ac9268') in 0.015833 seconds 
========================================================================
Received Prepare
Registering precompiled user dll's ...
Registered in 0.017717 seconds.
Begin MonoManager ReloadAssembly
Symbol file LoadedFromMemory doesn't match image S:\apps\projects\GitHub\Donkey-Kong-Remastered\Donkey Kong Remastered\Library\PackageCache\com.unity.visualscripting@1.6.1\Editor\VisualScripting.Core\Dependencies\YamlDotNet\Unity.VisualScripting.YamlDotNet.dll
Symbol file LoadedFromMemory doesn't match image S:\apps\projects\GitHub\Donkey-Kong-Remastered\Donkey Kong Remastered\Library\PackageCache\com.unity.visualscripting@1.6.1\Editor\VisualScripting.Core\Dependencies\DotNetZip\Unity.VisualScripting.IonicZip.dll
Native extension for WindowsStandalone target not found
Native extension for WebGL target not found
Refreshing native plugins compatible for Editor in 0.63 ms, found 3 plugins.
Preloading 0 native plugins for Editor in 0.00 ms.
Mono: successfully reloaded assembly
- Completed reload, in  1.043 seconds
Domain Reload Profiling:
	ReloadAssembly (1044ms)
		BeginReloadAssembly (176ms)
			ExecutionOrderSort (0ms)
			DisableScriptedObjects (5ms)
			BackupInstance (0ms)
			ReleaseScriptingObjects (0ms)
			CreateAndSetChildDomain (36ms)
		EndReloadAssembly (818ms)
			LoadAssemblies (191ms)
			RebuildTransferFunctionScriptingTraits (0ms)
			SetupTypeCache (307ms)
			ReleaseScriptCaches (1ms)
			RebuildScriptCaches (37ms)
			SetupLoadedEditorAssemblies (247ms)
				LogAssemblyErrors (0ms)
				InitializePlatformSupportModulesInManaged (5ms)
				SetLoadedEditorAssemblies (0ms)
				RefreshPlugins (1ms)
				BeforeProcessingInitializeOnLoad (42ms)
				ProcessInitializeOnLoadAttributes (194ms)
				ProcessInitializeOnLoadMethodAttributes (3ms)
				AfterProcessingInitializeOnLoad (2ms)
				EditorAssembliesLoaded (0ms)
			ExecutionOrderSort2 (0ms)
			AwakeInstancesAfterBackupRestoration (13ms)
Platform modules already initialized, skipping
Refreshing native plugins compatible for Editor in 0.53 ms, found 3 plugins.
Preloading 0 native plugins for Editor in 0.00 ms.
Unloading 2968 Unused Serialized files (Serialized files now loaded: 0)
System memory in use before: 135.1 MB.
System memory in use after: 132.3 MB.

Unloading 28 unused Assets to reduce memory usage. Loaded Objects now: 3659.
Total: 4.197700 ms (FindLiveObjects: 0.254100 ms CreateObjectMapping: 0.140700 ms MarkObjects: 2.754000 ms  DeleteObjects: 1.048000 ms)

AssetImportParameters requested are different than current active one (requested -> active):
  custom:framework-win-MediaFoundation: 216162199b28c13a410421893ffa2e32 -> 
  custom:video-decoder-ogg-theora: a1e56fd34408186e4bbccfd4996cb3dc -> 
  custom:container-muxer-webm: aa71ff27fc2769a1b78a27578f13a17b -> 
  custom:container-demuxer-webm: 4f35f7cbe854078d1ac9338744f61a02 -> 
  custom:container-demuxer-ogg: 62fdf1f143b41e24485cea50d1cbac27 -> 
  custom:video-encoder-webm-vp8: eb34c28f22e8b96e1ab97ce403110664 -> 
  custom:video-decoder-webm-vp8: 9c59270c3fd7afecdb556c50c9e8de78 -> 
  custom:audio-decoder-ogg-vorbis: bf7c407c2cedff20999df2af8eb42d56 -> 
  custom:audio-encoder-webm-vorbis: bf7c407c2cedff20999df2af8eb42d56 -> 
========================================================================
Received Import Request.
  Time since last request: 459.092537 seconds.
  path: Assets/Models/circle.blend
  artifactKey: Guid(62d278dba1eb6414b9043c9f5e323adb) Importer(815301076,1909f56bfc062723c751e8b465ee728b)
Start importing Assets/Models/circle.blend using Guid(62d278dba1eb6414b9043c9f5e323adb) Importer(815301076,1909f56bfc062723c751e8b465ee728b)  -> (artifact id: '8dfa3d23c807a38d3b03833d3b250c61') in 0.068177 seconds 
========================================================================
Received Import Request.
  Time since last request: 76.839179 seconds.
  path: Assets/Ultimate 10 Plus Shaders/Materials/Textures/grass_albedo.tga
  artifactKey: Guid(f6955516f548167498290fa4664c015c) Importer(815301076,1909f56bfc062723c751e8b465ee728b)
Start importing Assets/Ultimate 10 Plus Shaders/Materials/Textures/grass_albedo.tga using Guid(f6955516f548167498290fa4664c015c) Importer(815301076,1909f56bfc062723c751e8b465ee728b)  -> (artifact id: '76adfc50b9b2b43a218216929cc3914c') in 0.032290 seconds 
========================================================================
Received Import Request.
  Time since last request: 0.000204 seconds.
  path: Assets/Ultimate 10 Plus Shaders/Materials/Textures/noise1_normal.png
  artifactKey: Guid(d2eac888094a652429c634df007d9ad9) Importer(815301076,1909f56bfc062723c751e8b465ee728b)
Start importing Assets/Ultimate 10 Plus Shaders/Materials/Textures/noise1_normal.png using Guid(d2eac888094a652429c634df007d9ad9) Importer(815301076,1909f56bfc062723c751e8b465ee728b)  -> (artifact id: '1fe331ff4a2512d1e64224ae0a9495f9') in 0.021821 seconds 
========================================================================
Received Import Request.
  Time since last request: 0.000273 seconds.
  path: Assets/Ultimate 10 Plus Shaders/Materials/Textures/hologram_lines.png
  artifactKey: Guid(1a41c3e209ba51c4fbb25b4d4613c183) Importer(815301076,1909f56bfc062723c751e8b465ee728b)
Start importing Assets/Ultimate 10 Plus Shaders/Materials/Textures/hologram_lines.png using Guid(1a41c3e209ba51c4fbb25b4d4613c183) Importer(815301076,1909f56bfc062723c751e8b465ee728b)  -> (artifact id: '78b5399482f6b31194e641d9ee242757') in 0.020601 seconds 
========================================================================
Received Import Request.
  Time since last request: 0.000284 seconds.
  path: Assets/Ultimate 10 Plus Shaders/Scenes/Review/Lightmap-1_comp_dir.png
  artifactKey: Guid(30a01b46a42b3d940a62c9aa9ce9cc68) Importer(815301076,1909f56bfc062723c751e8b465ee728b)
Start importing Assets/Ultimate 10 Plus Shaders/Scenes/Review/Lightmap-1_comp_dir.png using Guid(30a01b46a42b3d940a62c9aa9ce9cc68) Importer(815301076,1909f56bfc062723c751e8b465ee728b)  -> (artifact id: '77e7ec87b81318614766be75f5b53c97') in 0.016397 seconds 
========================================================================
Received Import Request.
  Time since last request: 0.000326 seconds.
  path: Assets/Ultimate 10 Plus Shaders/Materials/Textures/grass_normal.tga
  artifactKey: Guid(1c3759435f9363447abb1969a2271472) Importer(815301076,1909f56bfc062723c751e8b465ee728b)
Start importing Assets/Ultimate 10 Plus Shaders/Materials/Textures/grass_normal.tga using Guid(1c3759435f9363447abb1969a2271472) Importer(815301076,1909f56bfc062723c751e8b465ee728b)  -> (artifact id: '663d6b785fabda5f1e03cf47a2d57911') in 0.017639 seconds 
========================================================================
Received Import Request.
  Time since last request: 0.000309 seconds.
  path: Assets/Ultimate 10 Plus Shaders/Scenes/Review/Lightmap-0_comp_shadowmask.png
  artifactKey: Guid(ca6261520a6173b4d8337deccdbd2cb2) Importer(815301076,1909f56bfc062723c751e8b465ee728b)
Start importing Assets/Ultimate 10 Plus Shaders/Scenes/Review/Lightmap-0_comp_shadowmask.png using Guid(ca6261520a6173b4d8337deccdbd2cb2) Importer(815301076,1909f56bfc062723c751e8b465ee728b)  -> (artifact id: '3a2f7baabc8794fcb5b8533f7ecfac68') in 0.018196 seconds 
========================================================================
Received Import Request.
  Time since last request: 0.000269 seconds.
  path: Assets/Ultimate 10 Plus Shaders/Scenes/Review/ReflectionProbe-0.exr
  artifactKey: Guid(c142d76881c29474abb3e38b3fd19c00) Importer(815301076,1909f56bfc062723c751e8b465ee728b)
Start importing Assets/Ultimate 10 Plus Shaders/Scenes/Review/ReflectionProbe-0.exr using Guid(c142d76881c29474abb3e38b3fd19c00) Importer(815301076,1909f56bfc062723c751e8b465ee728b)  -> (artifact id: '6de95ec0b8835e6face170cdaefd5bb0') in 0.026784 seconds 
========================================================================
Received Import Request.
  Time since last request: 0.000228 seconds.
  path: Assets/Ultimate 10 Plus Shaders/Scenes/Review/Lightmap-1_comp_shadowmask.png
  artifactKey: Guid(21c445e0b8945a74ab87974421bb9ac5) Importer(815301076,1909f56bfc062723c751e8b465ee728b)
Start importing Assets/Ultimate 10 Plus Shaders/Scenes/Review/Lightmap-1_comp_shadowmask.png using Guid(21c445e0b8945a74ab87974421bb9ac5) Importer(815301076,1909f56bfc062723c751e8b465ee728b)  -> (artifact id: '7db4d22050e1f252837fd8e2f9ada195') in 0.024925 seconds 
========================================================================
Received Import Request.
  Time since last request: 0.000282 seconds.
  path: Assets/Ultimate 10 Plus Shaders/Materials/Textures/rock.png
  artifactKey: Guid(1d557bc533f5684438d25d03042b1025) Importer(815301076,1909f56bfc062723c751e8b465ee728b)
Start importing Assets/Ultimate 10 Plus Shaders/Materials/Textures/rock.png using Guid(1d557bc533f5684438d25d03042b1025) Importer(815301076,1909f56bfc062723c751e8b465ee728b)  -> (artifact id: '44f988bd2aa583d06eae304150f991a3') in 0.032403 seconds 
========================================================================
Received Import Request.
  Time since last request: 0.000227 seconds.
  path: Assets/Ultimate 10 Plus Shaders/Materials/Textures/Rock1_nmp.tif
  artifactKey: Guid(42c12cb55ddd98245a0b2c96121c8a5a) Importer(815301076,1909f56bfc062723c751e8b465ee728b)
Start importing Assets/Ultimate 10 Plus Shaders/Materials/Textures/Rock1_nmp.tif using Guid(42c12cb55ddd98245a0b2c96121c8a5a) Importer(815301076,1909f56bfc062723c751e8b465ee728b)  -> (artifact id: 'ef735adcea2119d6542636e741572746') in 0.043204 seconds 
========================================================================
Received Import Request.
  Time since last request: 0.000231 seconds.
  path: Assets/Ultimate 10 Plus Shaders/Scenes/Review/Lightmap-0_comp_light.exr
  artifactKey: Guid(c2b032cce1497964b84dfeb139c2023b) Importer(815301076,1909f56bfc062723c751e8b465ee728b)
Start importing Assets/Ultimate 10 Plus Shaders/Scenes/Review/Lightmap-0_comp_light.exr using Guid(c2b032cce1497964b84dfeb139c2023b) Importer(815301076,1909f56bfc062723c751e8b465ee728b)  -> (artifact id: 'fd6b22f44b020c72e943ee00b1ea5414') in 0.016714 seconds 
========================================================================
Received Import Request.
  Time since last request: 0.000206 seconds.
  path: Assets/Ultimate 10 Plus Shaders/Materials/Textures/noise2.png
  artifactKey: Guid(fccc6818be225674382d96933708d421) Importer(815301076,1909f56bfc062723c751e8b465ee728b)
Start importing Assets/Ultimate 10 Plus Shaders/Materials/Textures/noise2.png using Guid(fccc6818be225674382d96933708d421) Importer(815301076,1909f56bfc062723c751e8b465ee728b)  -> (artifact id: 'bc773de94fe78eb97f9b3e1dc4e3145d') in 0.025890 seconds 
========================================================================
Received Import Request.
  Time since last request: 0.000177 seconds.
  path: Assets/Ultimate 10 Plus Shaders/Materials/Textures/hexagon_grid.png
  artifactKey: Guid(e61a550a7ddc3304fbfe0a01919efe9c) Importer(815301076,1909f56bfc062723c751e8b465ee728b)
Start importing Assets/Ultimate 10 Plus Shaders/Materials/Textures/hexagon_grid.png using Guid(e61a550a7ddc3304fbfe0a01919efe9c) Importer(815301076,1909f56bfc062723c751e8b465ee728b)  -> (artifact id: 'b0c78355be593fba671d7f26844bb333') in 0.023520 seconds 
========================================================================
Received Import Request.
  Time since last request: 0.000190 seconds.
  path: Assets/Ultimate 10 Plus Shaders/Scenes/Review/ReflectionProbe-1.exr
  artifactKey: Guid(d04432a5637999647b22ce2782c0863b) Importer(815301076,1909f56bfc062723c751e8b465ee728b)
Start importing Assets/Ultimate 10 Plus Shaders/Scenes/Review/ReflectionProbe-1.exr using Guid(d04432a5637999647b22ce2782c0863b) Importer(815301076,1909f56bfc062723c751e8b465ee728b)  -> (artifact id: 'f47c9e3288e966f840d98b4469748cd1') in 0.013545 seconds 
========================================================================
Received Import Request.
  Time since last request: 0.000236 seconds.
  path: Assets/Ultimate 10 Plus Shaders/Materials/Textures/noise1.png
  artifactKey: Guid(39a00f3a4d887cc448b5d165b19938eb) Importer(815301076,1909f56bfc062723c751e8b465ee728b)
Start importing Assets/Ultimate 10 Plus Shaders/Materials/Textures/noise1.png using Guid(39a00f3a4d887cc448b5d165b19938eb) Importer(815301076,1909f56bfc062723c751e8b465ee728b)  -> (artifact id: 'd2c8fda62c4416cbbbf1139699afc3aa') in 0.014192 seconds 
========================================================================
Received Import Request.
  Time since last request: 0.000257 seconds.
  path: Assets/Ultimate 10 Plus Shaders/Scenes/Review/Lightmap-1_comp_light.exr
  artifactKey: Guid(09afb46be1592ea478d06386f06118ad) Importer(815301076,1909f56bfc062723c751e8b465ee728b)
Start importing Assets/Ultimate 10 Plus Shaders/Scenes/Review/Lightmap-1_comp_light.exr using Guid(09afb46be1592ea478d06386f06118ad) Importer(815301076,1909f56bfc062723c751e8b465ee728b)  -> (artifact id: '3d4d066d4b79e51a59e01f5bcb5d6ffd') in 0.012763 seconds 
========================================================================
Received Import Request.
  Time since last request: 0.000254 seconds.
  path: Assets/Ultimate 10 Plus Shaders/Materials/Textures/Rock1.tif
  artifactKey: Guid(d0692a948ca573d4cb0b93ffb1c8a033) Importer(815301076,1909f56bfc062723c751e8b465ee728b)
Start importing Assets/Ultimate 10 Plus Shaders/Materials/Textures/Rock1.tif using Guid(d0692a948ca573d4cb0b93ffb1c8a033) Importer(815301076,1909f56bfc062723c751e8b465ee728b)  -> (artifact id: '19ee385758dbd151be03026179cec79c') in 0.019086 seconds 
========================================================================
Received Import Request.
  Time since last request: 0.000189 seconds.
  path: Assets/Ultimate 10 Plus Shaders/Scenes/Review/Lightmap-0_comp_dir.png
  artifactKey: Guid(4b4607cbd6e801646b704e4fb44ac8c7) Importer(815301076,1909f56bfc062723c751e8b465ee728b)
Start importing Assets/Ultimate 10 Plus Shaders/Scenes/Review/Lightmap-0_comp_dir.png using Guid(4b4607cbd6e801646b704e4fb44ac8c7) Importer(815301076,1909f56bfc062723c751e8b465ee728b)  -> (artifact id: 'e68d112a1bd5620497c5c35feb61d1c4') in 0.014976 seconds 
========================================================================
Received Import Request.
  Time since last request: 0.000253 seconds.
  path: Assets/Ultimate 10 Plus Shaders/Materials/Textures/prototype_512x512_grey4.png
  artifactKey: Guid(ed0c2c8a99e92e14ba740ac8aa428288) Importer(815301076,1909f56bfc062723c751e8b465ee728b)
Start importing Assets/Ultimate 10 Plus Shaders/Materials/Textures/prototype_512x512_grey4.png using Guid(ed0c2c8a99e92e14ba740ac8aa428288) Importer(815301076,1909f56bfc062723c751e8b465ee728b)  -> (artifact id: '3adfd83c869681a78eabaeba56d6f2b1') in 0.013591 seconds 
========================================================================
Received Prepare
Registering precompiled user dll's ...
Registered in 0.003283 seconds.
Begin MonoManager ReloadAssembly
Symbol file LoadedFromMemory doesn't match image S:\apps\projects\GitHub\Donkey-Kong-Remastered\Donkey Kong Remastered\Library\PackageCache\com.unity.visualscripting@1.6.1\Editor\VisualScripting.Core\Dependencies\YamlDotNet\Unity.VisualScripting.YamlDotNet.dll
Symbol file LoadedFromMemory doesn't match image S:\apps\projects\GitHub\Donkey-Kong-Remastered\Donkey Kong Remastered\Library\PackageCache\com.unity.visualscripting@1.6.1\Editor\VisualScripting.Core\Dependencies\DotNetZip\Unity.VisualScripting.IonicZip.dll
Native extension for WindowsStandalone target not found
Native extension for WebGL target not found
Refreshing native plugins compatible for Editor in 0.55 ms, found 3 plugins.
Preloading 0 native plugins for Editor in 0.00 ms.
Mono: successfully reloaded assembly
- Completed reload, in  0.961 seconds
Domain Reload Profiling:
	ReloadAssembly (961ms)
		BeginReloadAssembly (123ms)
			ExecutionOrderSort (0ms)
			DisableScriptedObjects (5ms)
			BackupInstance (0ms)
			ReleaseScriptingObjects (0ms)
			CreateAndSetChildDomain (35ms)
		EndReloadAssembly (789ms)
			LoadAssemblies (86ms)
			RebuildTransferFunctionScriptingTraits (0ms)
			SetupTypeCache (302ms)
			ReleaseScriptCaches (1ms)
			RebuildScriptCaches (36ms)
			SetupLoadedEditorAssemblies (252ms)
				LogAssemblyErrors (0ms)
				InitializePlatformSupportModulesInManaged (5ms)
				SetLoadedEditorAssemblies (0ms)
				RefreshPlugins (1ms)
				BeforeProcessingInitializeOnLoad (44ms)
				ProcessInitializeOnLoadAttributes (196ms)
				ProcessInitializeOnLoadMethodAttributes (4ms)
				AfterProcessingInitializeOnLoad (2ms)
				EditorAssembliesLoaded (0ms)
			ExecutionOrderSort2 (0ms)
			AwakeInstancesAfterBackupRestoration (15ms)
Platform modules already initialized, skipping
Refreshing native plugins compatible for Editor in 0.56 ms, found 3 plugins.
Preloading 0 native plugins for Editor in 0.00 ms.
Unloading 2985 Unused Serialized files (Serialized files now loaded: 0)
System memory in use before: 163.4 MB.
System memory in use after: 160.7 MB.

Unloading 28 unused Assets to reduce memory usage. Loaded Objects now: 3954.
Total: 4.290200 ms (FindLiveObjects: 0.261300 ms CreateObjectMapping: 0.120800 ms MarkObjects: 2.930400 ms  DeleteObjects: 0.976900 ms)

AssetImportParameters requested are different than current active one (requested -> active):
  custom:framework-win-MediaFoundation: 216162199b28c13a410421893ffa2e32 -> 
  custom:video-decoder-ogg-theora: a1e56fd34408186e4bbccfd4996cb3dc -> 
  custom:container-muxer-webm: aa71ff27fc2769a1b78a27578f13a17b -> 
  custom:container-demuxer-webm: 4f35f7cbe854078d1ac9338744f61a02 -> 
  custom:container-demuxer-ogg: 62fdf1f143b41e24485cea50d1cbac27 -> 
  custom:video-encoder-webm-vp8: eb34c28f22e8b96e1ab97ce403110664 -> 
  custom:video-decoder-webm-vp8: 9c59270c3fd7afecdb556c50c9e8de78 -> 
  custom:audio-decoder-ogg-vorbis: bf7c407c2cedff20999df2af8eb42d56 -> 
  custom:audio-encoder-webm-vorbis: bf7c407c2cedff20999df2af8eb42d56 -> 
========================================================================
Received Import Request.
  Time since last request: 108.131021 seconds.
  path: Assets/Models/circle.blend
  artifactKey: Guid(62d278dba1eb6414b9043c9f5e323adb) Importer(815301076,1909f56bfc062723c751e8b465ee728b)
Start importing Assets/Models/circle.blend using Guid(62d278dba1eb6414b9043c9f5e323adb) Importer(815301076,1909f56bfc062723c751e8b465ee728b)  -> (artifact id: '6db29971a8b0f4a76c71d7d9a9882140') in 0.062585 seconds 
========================================================================
Received Prepare
Registering precompiled user dll's ...
Registered in 0.003296 seconds.
Begin MonoManager ReloadAssembly
Symbol file LoadedFromMemory doesn't match image S:\apps\projects\GitHub\Donkey-Kong-Remastered\Donkey Kong Remastered\Library\PackageCache\com.unity.visualscripting@1.6.1\Editor\VisualScripting.Core\Dependencies\YamlDotNet\Unity.VisualScripting.YamlDotNet.dll
Symbol file LoadedFromMemory doesn't match image S:\apps\projects\GitHub\Donkey-Kong-Remastered\Donkey Kong Remastered\Library\PackageCache\com.unity.visualscripting@1.6.1\Editor\VisualScripting.Core\Dependencies\DotNetZip\Unity.VisualScripting.IonicZip.dll
Native extension for WindowsStandalone target not found
Native extension for WebGL target not found
Refreshing native plugins compatible for Editor in 0.58 ms, found 3 plugins.
Preloading 0 native plugins for Editor in 0.00 ms.
Mono: successfully reloaded assembly
- Completed reload, in  0.921 seconds
Domain Reload Profiling:
	ReloadAssembly (921ms)
		BeginReloadAssembly (108ms)
			ExecutionOrderSort (0ms)
			DisableScriptedObjects (7ms)
			BackupInstance (0ms)
			ReleaseScriptingObjects (0ms)
			CreateAndSetChildDomain (34ms)
		EndReloadAssembly (764ms)
			LoadAssemblies (84ms)
			RebuildTransferFunctionScriptingTraits (0ms)
			SetupTypeCache (296ms)
			ReleaseScriptCaches (1ms)
			RebuildScriptCaches (37ms)
			SetupLoadedEditorAssemblies (253ms)
				LogAssemblyErrors (0ms)
				InitializePlatformSupportModulesInManaged (5ms)
				SetLoadedEditorAssemblies (0ms)
				RefreshPlugins (1ms)
				BeforeProcessingInitializeOnLoad (42ms)
				ProcessInitializeOnLoadAttributes (199ms)
				ProcessInitializeOnLoadMethodAttributes (3ms)
				AfterProcessingInitializeOnLoad (2ms)
				EditorAssembliesLoaded (0ms)
			ExecutionOrderSort2 (0ms)
			AwakeInstancesAfterBackupRestoration (16ms)
Platform modules already initialized, skipping
Refreshing native plugins compatible for Editor in 0.53 ms, found 3 plugins.
Preloading 0 native plugins for Editor in 0.00 ms.
Unloading 2966 Unused Serialized files (Serialized files now loaded: 0)
System memory in use before: 162.8 MB.
System memory in use after: 159.9 MB.

Unloading 28 unused Assets to reduce memory usage. Loaded Objects now: 3957.
Total: 4.364700 ms (FindLiveObjects: 0.270800 ms CreateObjectMapping: 0.117800 ms MarkObjects: 2.947200 ms  DeleteObjects: 1.027900 ms)

AssetImportParameters requested are different than current active one (requested -> active):
  custom:framework-win-MediaFoundation: 216162199b28c13a410421893ffa2e32 -> 
  custom:video-decoder-ogg-theora: a1e56fd34408186e4bbccfd4996cb3dc -> 
  custom:container-muxer-webm: aa71ff27fc2769a1b78a27578f13a17b -> 
  custom:container-demuxer-webm: 4f35f7cbe854078d1ac9338744f61a02 -> 
  custom:container-demuxer-ogg: 62fdf1f143b41e24485cea50d1cbac27 -> 
  custom:video-encoder-webm-vp8: eb34c28f22e8b96e1ab97ce403110664 -> 
  custom:video-decoder-webm-vp8: 9c59270c3fd7afecdb556c50c9e8de78 -> 
  custom:audio-decoder-ogg-vorbis: bf7c407c2cedff20999df2af8eb42d56 -> 
  custom:audio-encoder-webm-vorbis: bf7c407c2cedff20999df2af8eb42d56 -> 
========================================================================
Received Import Request.
  Time since last request: 213.915044 seconds.
  path: Assets/Models/circle.blend
  artifactKey: Guid(62d278dba1eb6414b9043c9f5e323adb) Importer(815301076,1909f56bfc062723c751e8b465ee728b)
Start importing Assets/Models/circle.blend using Guid(62d278dba1eb6414b9043c9f5e323adb) Importer(815301076,1909f56bfc062723c751e8b465ee728b)  -> (artifact id: 'b29d165f86284b8af46e8607635cf7ac') in 0.079552 seconds 
========================================================================
Received Prepare
Registering precompiled user dll's ...
Registered in 0.003600 seconds.
Begin MonoManager ReloadAssembly
Symbol file LoadedFromMemory doesn't match image S:\apps\projects\GitHub\Donkey-Kong-Remastered\Donkey Kong Remastered\Library\PackageCache\com.unity.visualscripting@1.6.1\Editor\VisualScripting.Core\Dependencies\YamlDotNet\Unity.VisualScripting.YamlDotNet.dll
Symbol file LoadedFromMemory doesn't match image S:\apps\projects\GitHub\Donkey-Kong-Remastered\Donkey Kong Remastered\Library\PackageCache\com.unity.visualscripting@1.6.1\Editor\VisualScripting.Core\Dependencies\DotNetZip\Unity.VisualScripting.IonicZip.dll
Native extension for WindowsStandalone target not found
Native extension for WebGL target not found
Refreshing native plugins compatible for Editor in 0.58 ms, found 3 plugins.
Preloading 0 native plugins for Editor in 0.00 ms.
Mono: successfully reloaded assembly
- Completed reload, in  1.057 seconds
Domain Reload Profiling:
	ReloadAssembly (1057ms)
		BeginReloadAssembly (118ms)
			ExecutionOrderSort (0ms)
			DisableScriptedObjects (7ms)
			BackupInstance (0ms)
			ReleaseScriptingObjects (0ms)
			CreateAndSetChildDomain (38ms)
		EndReloadAssembly (885ms)
			LoadAssemblies (95ms)
			RebuildTransferFunctionScriptingTraits (0ms)
			SetupTypeCache (359ms)
			ReleaseScriptCaches (1ms)
			RebuildScriptCaches (41ms)
			SetupLoadedEditorAssemblies (283ms)
				LogAssemblyErrors (0ms)
				InitializePlatformSupportModulesInManaged (5ms)
				SetLoadedEditorAssemblies (0ms)
				RefreshPlugins (1ms)
				BeforeProcessingInitializeOnLoad (47ms)
				ProcessInitializeOnLoadAttributes (223ms)
				ProcessInitializeOnLoadMethodAttributes (4ms)
				AfterProcessingInitializeOnLoad (3ms)
				EditorAssembliesLoaded (0ms)
			ExecutionOrderSort2 (0ms)
			AwakeInstancesAfterBackupRestoration (19ms)
Platform modules already initialized, skipping
Refreshing native plugins compatible for Editor in 0.63 ms, found 3 plugins.
Preloading 0 native plugins for Editor in 0.00 ms.
Unloading 2966 Unused Serialized files (Serialized files now loaded: 0)
System memory in use before: 162.9 MB.
System memory in use after: 160.0 MB.

Unloading 28 unused Assets to reduce memory usage. Loaded Objects now: 3960.
Total: 4.803500 ms (FindLiveObjects: 0.278000 ms CreateObjectMapping: 0.145700 ms MarkObjects: 2.962400 ms  DeleteObjects: 1.416300 ms)

AssetImportParameters requested are different than current active one (requested -> active):
  custom:framework-win-MediaFoundation: 216162199b28c13a410421893ffa2e32 -> 
  custom:video-decoder-ogg-theora: a1e56fd34408186e4bbccfd4996cb3dc -> 
  custom:container-muxer-webm: aa71ff27fc2769a1b78a27578f13a17b -> 
  custom:container-demuxer-webm: 4f35f7cbe854078d1ac9338744f61a02 -> 
  custom:container-demuxer-ogg: 62fdf1f143b41e24485cea50d1cbac27 -> 
  custom:video-encoder-webm-vp8: eb34c28f22e8b96e1ab97ce403110664 -> 
  custom:video-decoder-webm-vp8: 9c59270c3fd7afecdb556c50c9e8de78 -> 
  custom:audio-decoder-ogg-vorbis: bf7c407c2cedff20999df2af8eb42d56 -> 
  custom:audio-encoder-webm-vorbis: bf7c407c2cedff20999df2af8eb42d56 -> 
========================================================================
Received Import Request.
  Time since last request: 776.304726 seconds.
  path: Assets/Materials/fake lava.mat
  artifactKey: Guid(9eb7a70b439db0c4eb4fa49319ebc179) Importer(815301076,1909f56bfc062723c751e8b465ee728b)
Start importing Assets/Materials/fake lava.mat using Guid(9eb7a70b439db0c4eb4fa49319ebc179) Importer(815301076,1909f56bfc062723c751e8b465ee728b)  -> (artifact id: '10f1c7d0930ef52ea9ec63afc8176c3e') in 0.052020 seconds 
========================================================================
Received Prepare
Registering precompiled user dll's ...
Registered in 0.004072 seconds.
Begin MonoManager ReloadAssembly
Symbol file LoadedFromMemory doesn't match image S:\apps\projects\GitHub\Donkey-Kong-Remastered\Donkey Kong Remastered\Library\PackageCache\com.unity.visualscripting@1.6.1\Editor\VisualScripting.Core\Dependencies\YamlDotNet\Unity.VisualScripting.YamlDotNet.dll
Symbol file LoadedFromMemory doesn't match image S:\apps\projects\GitHub\Donkey-Kong-Remastered\Donkey Kong Remastered\Library\PackageCache\com.unity.visualscripting@1.6.1\Editor\VisualScripting.Core\Dependencies\DotNetZip\Unity.VisualScripting.IonicZip.dll
Native extension for WindowsStandalone target not found
Native extension for WebGL target not found
Refreshing native plugins compatible for Editor in 0.52 ms, found 3 plugins.
Preloading 0 native plugins for Editor in 0.00 ms.
Mono: successfully reloaded assembly
- Completed reload, in  0.938 seconds
Domain Reload Profiling:
	ReloadAssembly (938ms)
		BeginReloadAssembly (110ms)
			ExecutionOrderSort (0ms)
			DisableScriptedObjects (7ms)
			BackupInstance (0ms)
			ReleaseScriptingObjects (0ms)
			CreateAndSetChildDomain (34ms)
		EndReloadAssembly (778ms)
			LoadAssemblies (84ms)
			RebuildTransferFunctionScriptingTraits (0ms)
			SetupTypeCache (313ms)
			ReleaseScriptCaches (1ms)
			RebuildScriptCaches (39ms)
			SetupLoadedEditorAssemblies (247ms)
				LogAssemblyErrors (0ms)
				InitializePlatformSupportModulesInManaged (5ms)
				SetLoadedEditorAssemblies (0ms)
				RefreshPlugins (1ms)
				BeforeProcessingInitializeOnLoad (43ms)
				ProcessInitializeOnLoadAttributes (191ms)
				ProcessInitializeOnLoadMethodAttributes (3ms)
				AfterProcessingInitializeOnLoad (2ms)
				EditorAssembliesLoaded (0ms)
			ExecutionOrderSort2 (0ms)
			AwakeInstancesAfterBackupRestoration (15ms)
Platform modules already initialized, skipping
Refreshing native plugins compatible for Editor in 0.55 ms, found 3 plugins.
Preloading 0 native plugins for Editor in 0.00 ms.
Unloading 2966 Unused Serialized files (Serialized files now loaded: 0)
System memory in use before: 162.9 MB.
System memory in use after: 160.1 MB.

Unloading 27 unused Assets to reduce memory usage. Loaded Objects now: 3963.
Total: 4.137000 ms (FindLiveObjects: 0.275000 ms CreateObjectMapping: 0.135000 ms MarkObjects: 2.680300 ms  DeleteObjects: 1.045900 ms)

AssetImportParameters requested are different than current active one (requested -> active):
  custom:framework-win-MediaFoundation: 216162199b28c13a410421893ffa2e32 -> 
  custom:video-decoder-ogg-theora: a1e56fd34408186e4bbccfd4996cb3dc -> 
  custom:container-muxer-webm: aa71ff27fc2769a1b78a27578f13a17b -> 
  custom:container-demuxer-webm: 4f35f7cbe854078d1ac9338744f61a02 -> 
  custom:container-demuxer-ogg: 62fdf1f143b41e24485cea50d1cbac27 -> 
  custom:video-encoder-webm-vp8: eb34c28f22e8b96e1ab97ce403110664 -> 
  custom:video-decoder-webm-vp8: 9c59270c3fd7afecdb556c50c9e8de78 -> 
  custom:audio-decoder-ogg-vorbis: bf7c407c2cedff20999df2af8eb42d56 -> 
  custom:audio-encoder-webm-vorbis: bf7c407c2cedff20999df2af8eb42d56 -> 
========================================================================
Received Import Request.
  Time since last request: 293.739041 seconds.
  path: Assets/Materials/lava.mat
  artifactKey: Guid(1316f5d5921871845a713d5a13164b96) Importer(815301076,1909f56bfc062723c751e8b465ee728b)
Start importing Assets/Materials/lava.mat using Guid(1316f5d5921871845a713d5a13164b96) Importer(815301076,1909f56bfc062723c751e8b465ee728b)  -> (artifact id: 'e60ce5ecc7ff36fb4710145a5fd32adb') in 0.056128 seconds 
========================================================================
Received Import Request.
  Time since last request: 0.000236 seconds.
  path: Assets/Materials/fake lava.mat
  artifactKey: Guid(9eb7a70b439db0c4eb4fa49319ebc179) Importer(815301076,1909f56bfc062723c751e8b465ee728b)
Start importing Assets/Materials/fake lava.mat using Guid(9eb7a70b439db0c4eb4fa49319ebc179) Importer(815301076,1909f56bfc062723c751e8b465ee728b)  -> (artifact id: 'fc2f48682c73940f847b5f8a4113887a') in 0.014026 seconds 
========================================================================
Received Import Request.
  Time since last request: 7.175801 seconds.
  path: Assets/Scripts/DrumFall.cs
  artifactKey: Guid(444061b8617870242b9a77eedfb083aa) Importer(815301076,1909f56bfc062723c751e8b465ee728b)
Start importing Assets/Scripts/DrumFall.cs using Guid(444061b8617870242b9a77eedfb083aa) Importer(815301076,1909f56bfc062723c751e8b465ee728b)  -> (artifact id: '936ac300878c8c416338e33fb7eeb415') in 0.013133 seconds 
========================================================================
Received Prepare
Registering precompiled user dll's ...
Registered in 0.004276 seconds.
Begin MonoManager ReloadAssembly
Symbol file LoadedFromMemory doesn't match image S:\apps\projects\GitHub\Donkey-Kong-Remastered\Donkey Kong Remastered\Library\PackageCache\com.unity.visualscripting@1.6.1\Editor\VisualScripting.Core\Dependencies\YamlDotNet\Unity.VisualScripting.YamlDotNet.dll
Symbol file LoadedFromMemory doesn't match image S:\apps\projects\GitHub\Donkey-Kong-Remastered\Donkey Kong Remastered\Library\PackageCache\com.unity.visualscripting@1.6.1\Editor\VisualScripting.Core\Dependencies\DotNetZip\Unity.VisualScripting.IonicZip.dll
Native extension for WindowsStandalone target not found
Native extension for WebGL target not found
Refreshing native plugins compatible for Editor in 0.61 ms, found 3 plugins.
Preloading 0 native plugins for Editor in 0.00 ms.
Mono: successfully reloaded assembly
- Completed reload, in  0.934 seconds
Domain Reload Profiling:
	ReloadAssembly (934ms)
		BeginReloadAssembly (106ms)
			ExecutionOrderSort (0ms)
			DisableScriptedObjects (7ms)
			BackupInstance (0ms)
			ReleaseScriptingObjects (0ms)
			CreateAndSetChildDomain (32ms)
		EndReloadAssembly (776ms)
			LoadAssemblies (85ms)
			RebuildTransferFunctionScriptingTraits (0ms)
			SetupTypeCache (306ms)
			ReleaseScriptCaches (1ms)
			RebuildScriptCaches (38ms)
			SetupLoadedEditorAssemblies (248ms)
				LogAssemblyErrors (0ms)
				InitializePlatformSupportModulesInManaged (5ms)
				SetLoadedEditorAssemblies (0ms)
				RefreshPlugins (1ms)
				BeforeProcessingInitializeOnLoad (42ms)
				ProcessInitializeOnLoadAttributes (194ms)
				ProcessInitializeOnLoadMethodAttributes (3ms)
				AfterProcessingInitializeOnLoad (2ms)
				EditorAssembliesLoaded (0ms)
			ExecutionOrderSort2 (0ms)
			AwakeInstancesAfterBackupRestoration (15ms)
Platform modules already initialized, skipping
Refreshing native plugins compatible for Editor in 0.52 ms, found 3 plugins.
Preloading 0 native plugins for Editor in 0.00 ms.
Unloading 2966 Unused Serialized files (Serialized files now loaded: 0)
System memory in use before: 162.9 MB.
System memory in use after: 160.5 MB.

Unloading 27 unused Assets to reduce memory usage. Loaded Objects now: 3967.
Total: 4.326600 ms (FindLiveObjects: 0.261300 ms CreateObjectMapping: 0.151100 ms MarkObjects: 2.984300 ms  DeleteObjects: 0.929100 ms)

AssetImportParameters requested are different than current active one (requested -> active):
  custom:framework-win-MediaFoundation: 216162199b28c13a410421893ffa2e32 -> 
  custom:video-decoder-ogg-theora: a1e56fd34408186e4bbccfd4996cb3dc -> 
  custom:container-muxer-webm: aa71ff27fc2769a1b78a27578f13a17b -> 
  custom:container-demuxer-webm: 4f35f7cbe854078d1ac9338744f61a02 -> 
  custom:container-demuxer-ogg: 62fdf1f143b41e24485cea50d1cbac27 -> 
  custom:video-encoder-webm-vp8: eb34c28f22e8b96e1ab97ce403110664 -> 
  custom:video-decoder-webm-vp8: 9c59270c3fd7afecdb556c50c9e8de78 -> 
  custom:audio-decoder-ogg-vorbis: bf7c407c2cedff20999df2af8eb42d56 -> 
  custom:audio-encoder-webm-vorbis: bf7c407c2cedff20999df2af8eb42d56 -> 
========================================================================
Received Import Request.
  Time since last request: 20.704339 seconds.
  path: Assets/Scripts/DrumFall.cs
  artifactKey: Guid(444061b8617870242b9a77eedfb083aa) Importer(815301076,1909f56bfc062723c751e8b465ee728b)
Start importing Assets/Scripts/DrumFall.cs using Guid(444061b8617870242b9a77eedfb083aa) Importer(815301076,1909f56bfc062723c751e8b465ee728b)  -> (artifact id: '3150fda664f7797b9f7a92ca761592f5') in 0.005547 seconds 
========================================================================
Received Prepare
Registering precompiled user dll's ...
Registered in 0.003752 seconds.
Begin MonoManager ReloadAssembly
Symbol file LoadedFromMemory doesn't match image S:\apps\projects\GitHub\Donkey-Kong-Remastered\Donkey Kong Remastered\Library\PackageCache\com.unity.visualscripting@1.6.1\Editor\VisualScripting.Core\Dependencies\YamlDotNet\Unity.VisualScripting.YamlDotNet.dll
Symbol file LoadedFromMemory doesn't match image S:\apps\projects\GitHub\Donkey-Kong-Remastered\Donkey Kong Remastered\Library\PackageCache\com.unity.visualscripting@1.6.1\Editor\VisualScripting.Core\Dependencies\DotNetZip\Unity.VisualScripting.IonicZip.dll
Native extension for WindowsStandalone target not found
Native extension for WebGL target not found
Refreshing native plugins compatible for Editor in 0.66 ms, found 3 plugins.
Preloading 0 native plugins for Editor in 0.00 ms.
Mono: successfully reloaded assembly
- Completed reload, in  1.046 seconds
Domain Reload Profiling:
	ReloadAssembly (1046ms)
		BeginReloadAssembly (135ms)
			ExecutionOrderSort (0ms)
			DisableScriptedObjects (10ms)
			BackupInstance (0ms)
			ReleaseScriptingObjects (0ms)
			CreateAndSetChildDomain (39ms)
		EndReloadAssembly (855ms)
			LoadAssemblies (96ms)
			RebuildTransferFunctionScriptingTraits (0ms)
			SetupTypeCache (340ms)
			ReleaseScriptCaches (1ms)
			RebuildScriptCaches (40ms)
			SetupLoadedEditorAssemblies (280ms)
				LogAssemblyErrors (0ms)
				InitializePlatformSupportModulesInManaged (6ms)
				SetLoadedEditorAssemblies (0ms)
				RefreshPlugins (1ms)
				BeforeProcessingInitializeOnLoad (47ms)
				ProcessInitializeOnLoadAttributes (217ms)
				ProcessInitializeOnLoadMethodAttributes (4ms)
				AfterProcessingInitializeOnLoad (4ms)
				EditorAssembliesLoaded (0ms)
			ExecutionOrderSort2 (0ms)
			AwakeInstancesAfterBackupRestoration (18ms)
Platform modules already initialized, skipping
Refreshing native plugins compatible for Editor in 0.56 ms, found 3 plugins.
Preloading 0 native plugins for Editor in 0.00 ms.
Unloading 2965 Unused Serialized files (Serialized files now loaded: 0)
System memory in use before: 162.8 MB.
System memory in use after: 160.4 MB.

Unloading 26 unused Assets to reduce memory usage. Loaded Objects now: 3969.
Total: 4.768800 ms (FindLiveObjects: 0.255100 ms CreateObjectMapping: 0.178100 ms MarkObjects: 3.241700 ms  DeleteObjects: 1.092600 ms)

AssetImportParameters requested are different than current active one (requested -> active):
  custom:framework-win-MediaFoundation: 216162199b28c13a410421893ffa2e32 -> 
  custom:video-decoder-ogg-theora: a1e56fd34408186e4bbccfd4996cb3dc -> 
  custom:container-muxer-webm: aa71ff27fc2769a1b78a27578f13a17b -> 
  custom:container-demuxer-webm: 4f35f7cbe854078d1ac9338744f61a02 -> 
  custom:container-demuxer-ogg: 62fdf1f143b41e24485cea50d1cbac27 -> 
  custom:video-encoder-webm-vp8: eb34c28f22e8b96e1ab97ce403110664 -> 
  custom:video-decoder-webm-vp8: 9c59270c3fd7afecdb556c50c9e8de78 -> 
  custom:audio-decoder-ogg-vorbis: bf7c407c2cedff20999df2af8eb42d56 -> 
  custom:audio-encoder-webm-vorbis: bf7c407c2cedff20999df2af8eb42d56 -> 
========================================================================
Received Prepare
Registering precompiled user dll's ...
Registered in 0.005873 seconds.
Begin MonoManager ReloadAssembly
Symbol file LoadedFromMemory doesn't match image S:\apps\projects\GitHub\Donkey-Kong-Remastered\Donkey Kong Remastered\Library\PackageCache\com.unity.visualscripting@1.6.1\Editor\VisualScripting.Core\Dependencies\YamlDotNet\Unity.VisualScripting.YamlDotNet.dll
Symbol file LoadedFromMemory doesn't match image S:\apps\projects\GitHub\Donkey-Kong-Remastered\Donkey Kong Remastered\Library\PackageCache\com.unity.visualscripting@1.6.1\Editor\VisualScripting.Core\Dependencies\DotNetZip\Unity.VisualScripting.IonicZip.dll
Native extension for WindowsStandalone target not found
Native extension for WebGL target not found
Refreshing native plugins compatible for Editor in 0.56 ms, found 3 plugins.
Preloading 0 native plugins for Editor in 0.00 ms.
Mono: successfully reloaded assembly
- Completed reload, in  1.389 seconds
Domain Reload Profiling:
	ReloadAssembly (1390ms)
		BeginReloadAssembly (201ms)
			ExecutionOrderSort (0ms)
			DisableScriptedObjects (35ms)
			BackupInstance (0ms)
			ReleaseScriptingObjects (0ms)
			CreateAndSetChildDomain (55ms)
		EndReloadAssembly (1095ms)
			LoadAssemblies (119ms)
			RebuildTransferFunctionScriptingTraits (0ms)
			SetupTypeCache (489ms)
			ReleaseScriptCaches (2ms)
			RebuildScriptCaches (52ms)
			SetupLoadedEditorAssemblies (319ms)
				LogAssemblyErrors (0ms)
				InitializePlatformSupportModulesInManaged (5ms)
				SetLoadedEditorAssemblies (0ms)
				RefreshPlugins (1ms)
				BeforeProcessingInitializeOnLoad (56ms)
				ProcessInitializeOnLoadAttributes (249ms)
				ProcessInitializeOnLoadMethodAttributes (5ms)
				AfterProcessingInitializeOnLoad (3ms)
				EditorAssembliesLoaded (0ms)
			ExecutionOrderSort2 (0ms)
			AwakeInstancesAfterBackupRestoration (20ms)
Platform modules already initialized, skipping
Refreshing native plugins compatible for Editor in 0.53 ms, found 3 plugins.
Preloading 0 native plugins for Editor in 0.00 ms.
Unloading 2965 Unused Serialized files (Serialized files now loaded: 0)
System memory in use before: 162.9 MB.
System memory in use after: 160.4 MB.

Unloading 26 unused Assets to reduce memory usage. Loaded Objects now: 3971.
Total: 5.475100 ms (FindLiveObjects: 0.357700 ms CreateObjectMapping: 0.376500 ms MarkObjects: 3.451200 ms  DeleteObjects: 1.288300 ms)

AssetImportParameters requested are different than current active one (requested -> active):
  custom:framework-win-MediaFoundation: 216162199b28c13a410421893ffa2e32 -> 
  custom:video-decoder-ogg-theora: a1e56fd34408186e4bbccfd4996cb3dc -> 
  custom:container-muxer-webm: aa71ff27fc2769a1b78a27578f13a17b -> 
  custom:container-demuxer-webm: 4f35f7cbe854078d1ac9338744f61a02 -> 
  custom:container-demuxer-ogg: 62fdf1f143b41e24485cea50d1cbac27 -> 
  custom:video-encoder-webm-vp8: eb34c28f22e8b96e1ab97ce403110664 -> 
  custom:video-decoder-webm-vp8: 9c59270c3fd7afecdb556c50c9e8de78 -> 
  custom:audio-decoder-ogg-vorbis: bf7c407c2cedff20999df2af8eb42d56 -> 
  custom:audio-encoder-webm-vorbis: bf7c407c2cedff20999df2af8eb42d56 -> 
========================================================================
Received Prepare
Registering precompiled user dll's ...
Registered in 0.005611 seconds.
Begin MonoManager ReloadAssembly
Symbol file LoadedFromMemory doesn't match image S:\apps\projects\GitHub\Donkey-Kong-Remastered\Donkey Kong Remastered\Library\PackageCache\com.unity.visualscripting@1.6.1\Editor\VisualScripting.Core\Dependencies\YamlDotNet\Unity.VisualScripting.YamlDotNet.dll
Symbol file LoadedFromMemory doesn't match image S:\apps\projects\GitHub\Donkey-Kong-Remastered\Donkey Kong Remastered\Library\PackageCache\com.unity.visualscripting@1.6.1\Editor\VisualScripting.Core\Dependencies\DotNetZip\Unity.VisualScripting.IonicZip.dll
Native extension for WindowsStandalone target not found
Native extension for WebGL target not found
Refreshing native plugins compatible for Editor in 0.60 ms, found 3 plugins.
Preloading 0 native plugins for Editor in 0.00 ms.
Mono: successfully reloaded assembly
- Completed reload, in  1.152 seconds
Domain Reload Profiling:
	ReloadAssembly (1153ms)
		BeginReloadAssembly (261ms)
			ExecutionOrderSort (0ms)
			DisableScriptedObjects (30ms)
			BackupInstance (0ms)
			ReleaseScriptingObjects (0ms)
			CreateAndSetChildDomain (100ms)
		EndReloadAssembly (831ms)
			LoadAssemblies (111ms)
			RebuildTransferFunctionScriptingTraits (0ms)
			SetupTypeCache (331ms)
			ReleaseScriptCaches (1ms)
			RebuildScriptCaches (38ms)
			SetupLoadedEditorAssemblies (267ms)
				LogAssemblyErrors (0ms)
				InitializePlatformSupportModulesInManaged (5ms)
				SetLoadedEditorAssemblies (0ms)
				RefreshPlugins (1ms)
				BeforeProcessingInitializeOnLoad (45ms)
				ProcessInitializeOnLoadAttributes (208ms)
				ProcessInitializeOnLoadMethodAttributes (5ms)
				AfterProcessingInitializeOnLoad (2ms)
				EditorAssembliesLoaded (0ms)
			ExecutionOrderSort2 (0ms)
			AwakeInstancesAfterBackupRestoration (21ms)
Platform modules already initialized, skipping
Refreshing native plugins compatible for Editor in 0.57 ms, found 3 plugins.
Preloading 0 native plugins for Editor in 0.00 ms.
Unloading 2965 Unused Serialized files (Serialized files now loaded: 0)
System memory in use before: 162.9 MB.
System memory in use after: 160.4 MB.

Unloading 26 unused Assets to reduce memory usage. Loaded Objects now: 3973.
Total: 4.166700 ms (FindLiveObjects: 0.273000 ms CreateObjectMapping: 0.137900 ms MarkObjects: 2.812800 ms  DeleteObjects: 0.942300 ms)

AssetImportParameters requested are different than current active one (requested -> active):
  custom:framework-win-MediaFoundation: 216162199b28c13a410421893ffa2e32 -> 
  custom:video-decoder-ogg-theora: a1e56fd34408186e4bbccfd4996cb3dc -> 
  custom:container-muxer-webm: aa71ff27fc2769a1b78a27578f13a17b -> 
  custom:container-demuxer-webm: 4f35f7cbe854078d1ac9338744f61a02 -> 
  custom:container-demuxer-ogg: 62fdf1f143b41e24485cea50d1cbac27 -> 
  custom:video-encoder-webm-vp8: eb34c28f22e8b96e1ab97ce403110664 -> 
  custom:video-decoder-webm-vp8: 9c59270c3fd7afecdb556c50c9e8de78 -> 
  custom:audio-decoder-ogg-vorbis: bf7c407c2cedff20999df2af8eb42d56 -> 
  custom:audio-encoder-webm-vorbis: bf7c407c2cedff20999df2af8eb42d56 -> 
========================================================================
Received Import Request.
  Time since last request: 9266.580047 seconds.
  path: Assets/Materials/Texturs/pngegg.png
  artifactKey: Guid(2764714546c32da4294131fed094335a) Importer(815301076,1909f56bfc062723c751e8b465ee728b)
Start importing Assets/Materials/Texturs/pngegg.png using Guid(2764714546c32da4294131fed094335a) Importer(815301076,1909f56bfc062723c751e8b465ee728b)  -> (artifact id: '95cb16759cf3ab186b219d2d515a27eb') in 0.090075 seconds 
========================================================================
Received Import Request.
  Time since last request: 425.612297 seconds.
  path: Assets/Audio/mega Jungl.mp3
  artifactKey: Guid(d46433bb84ecefe41bc3b23d8a880894) Importer(815301076,1909f56bfc062723c751e8b465ee728b)
Start importing Assets/Audio/mega Jungl.mp3 using Guid(d46433bb84ecefe41bc3b23d8a880894) Importer(815301076,1909f56bfc062723c751e8b465ee728b)  -> (artifact id: '7a5627897a47a336d5df7675182498fb') in 0.037703 seconds 
========================================================================
Received Prepare
Registering precompiled user dll's ...
Registered in 0.004116 seconds.
Begin MonoManager ReloadAssembly
Symbol file LoadedFromMemory doesn't match image S:\apps\projects\GitHub\Donkey-Kong-Remastered\Donkey Kong Remastered\Library\PackageCache\com.unity.visualscripting@1.6.1\Editor\VisualScripting.Core\Dependencies\YamlDotNet\Unity.VisualScripting.YamlDotNet.dll
Symbol file LoadedFromMemory doesn't match image S:\apps\projects\GitHub\Donkey-Kong-Remastered\Donkey Kong Remastered\Library\PackageCache\com.unity.visualscripting@1.6.1\Editor\VisualScripting.Core\Dependencies\DotNetZip\Unity.VisualScripting.IonicZip.dll
Native extension for WindowsStandalone target not found
Native extension for WebGL target not found
Refreshing native plugins compatible for Editor in 0.54 ms, found 3 plugins.
Preloading 0 native plugins for Editor in 0.00 ms.
Mono: successfully reloaded assembly
- Completed reload, in  0.972 seconds
Domain Reload Profiling:
	ReloadAssembly (972ms)
		BeginReloadAssembly (120ms)
			ExecutionOrderSort (0ms)
			DisableScriptedObjects (7ms)
			BackupInstance (0ms)
			ReleaseScriptingObjects (0ms)
			CreateAndSetChildDomain (36ms)
		EndReloadAssembly (800ms)
			LoadAssemblies (90ms)
			RebuildTransferFunctionScriptingTraits (0ms)
			SetupTypeCache (302ms)
			ReleaseScriptCaches (1ms)
			RebuildScriptCaches (37ms)
			SetupLoadedEditorAssemblies (273ms)
				LogAssemblyErrors (0ms)
				InitializePlatformSupportModulesInManaged (5ms)
				SetLoadedEditorAssemblies (0ms)
				RefreshPlugins (1ms)
				BeforeProcessingInitializeOnLoad (46ms)
				ProcessInitializeOnLoadAttributes (212ms)
				ProcessInitializeOnLoadMethodAttributes (5ms)
				AfterProcessingInitializeOnLoad (4ms)
				EditorAssembliesLoaded (0ms)
			ExecutionOrderSort2 (0ms)
			AwakeInstancesAfterBackupRestoration (21ms)
Platform modules already initialized, skipping
Refreshing native plugins compatible for Editor in 0.55 ms, found 3 plugins.
Preloading 0 native plugins for Editor in 0.00 ms.
Unloading 2966 Unused Serialized files (Serialized files now loaded: 0)
System memory in use before: 164.8 MB.
System memory in use after: 162.4 MB.

Unloading 26 unused Assets to reduce memory usage. Loaded Objects now: 3993.
Total: 4.227200 ms (FindLiveObjects: 0.292900 ms CreateObjectMapping: 0.164700 ms MarkObjects: 2.827500 ms  DeleteObjects: 0.941100 ms)

AssetImportParameters requested are different than current active one (requested -> active):
  custom:framework-win-MediaFoundation: 216162199b28c13a410421893ffa2e32 -> 
  custom:video-decoder-ogg-theora: a1e56fd34408186e4bbccfd4996cb3dc -> 
  custom:container-muxer-webm: aa71ff27fc2769a1b78a27578f13a17b -> 
  custom:container-demuxer-webm: 4f35f7cbe854078d1ac9338744f61a02 -> 
  custom:container-demuxer-ogg: 62fdf1f143b41e24485cea50d1cbac27 -> 
  custom:video-encoder-webm-vp8: eb34c28f22e8b96e1ab97ce403110664 -> 
  custom:video-decoder-webm-vp8: 9c59270c3fd7afecdb556c50c9e8de78 -> 
  custom:audio-decoder-ogg-vorbis: bf7c407c2cedff20999df2af8eb42d56 -> 
  custom:audio-encoder-webm-vorbis: bf7c407c2cedff20999df2af8eb42d56 -> 
========================================================================
Received Import Request.
  Time since last request: 150.470523 seconds.
  path: Assets/Scripts/DrumFall.cs
  artifactKey: Guid(444061b8617870242b9a77eedfb083aa) Importer(815301076,1909f56bfc062723c751e8b465ee728b)
Start importing Assets/Scripts/DrumFall.cs using Guid(444061b8617870242b9a77eedfb083aa) Importer(815301076,1909f56bfc062723c751e8b465ee728b)  -> (artifact id: 'ff1bad30b03c86020fa036d78f8c61b1') in 0.005251 seconds 
========================================================================
Received Prepare
Registering precompiled user dll's ...
Registered in 0.003344 seconds.
Begin MonoManager ReloadAssembly
Symbol file LoadedFromMemory doesn't match image S:\apps\projects\GitHub\Donkey-Kong-Remastered\Donkey Kong Remastered\Library\PackageCache\com.unity.visualscripting@1.6.1\Editor\VisualScripting.Core\Dependencies\YamlDotNet\Unity.VisualScripting.YamlDotNet.dll
Symbol file LoadedFromMemory doesn't match image S:\apps\projects\GitHub\Donkey-Kong-Remastered\Donkey Kong Remastered\Library\PackageCache\com.unity.visualscripting@1.6.1\Editor\VisualScripting.Core\Dependencies\DotNetZip\Unity.VisualScripting.IonicZip.dll
Native extension for WindowsStandalone target not found
Native extension for WebGL target not found
Refreshing native plugins compatible for Editor in 0.66 ms, found 3 plugins.
Preloading 0 native plugins for Editor in 0.00 ms.
Mono: successfully reloaded assembly
- Completed reload, in  1.023 seconds
Domain Reload Profiling:
	ReloadAssembly (1023ms)
		BeginReloadAssembly (109ms)
			ExecutionOrderSort (0ms)
			DisableScriptedObjects (8ms)
			BackupInstance (0ms)
			ReleaseScriptingObjects (0ms)
			CreateAndSetChildDomain (32ms)
		EndReloadAssembly (861ms)
			LoadAssemblies (87ms)
			RebuildTransferFunctionScriptingTraits (0ms)
			SetupTypeCache (343ms)
			ReleaseScriptCaches (1ms)
			RebuildScriptCaches (37ms)
			SetupLoadedEditorAssemblies (285ms)
				LogAssemblyErrors (0ms)
				InitializePlatformSupportModulesInManaged (5ms)
				SetLoadedEditorAssemblies (1ms)
				RefreshPlugins (1ms)
				BeforeProcessingInitializeOnLoad (45ms)
				ProcessInitializeOnLoadAttributes (226ms)
				ProcessInitializeOnLoadMethodAttributes (4ms)
				AfterProcessingInitializeOnLoad (3ms)
				EditorAssembliesLoaded (0ms)
			ExecutionOrderSort2 (0ms)
			AwakeInstancesAfterBackupRestoration (18ms)
Platform modules already initialized, skipping
Refreshing native plugins compatible for Editor in 0.53 ms, found 3 plugins.
Preloading 0 native plugins for Editor in 0.00 ms.
Unloading 2965 Unused Serialized files (Serialized files now loaded: 0)
System memory in use before: 164.8 MB.
System memory in use after: 162.4 MB.

Unloading 26 unused Assets to reduce memory usage. Loaded Objects now: 3995.
Total: 4.424500 ms (FindLiveObjects: 0.282500 ms CreateObjectMapping: 0.135900 ms MarkObjects: 3.059600 ms  DeleteObjects: 0.945600 ms)

AssetImportParameters requested are different than current active one (requested -> active):
  custom:framework-win-MediaFoundation: 216162199b28c13a410421893ffa2e32 -> 
  custom:video-decoder-ogg-theora: a1e56fd34408186e4bbccfd4996cb3dc -> 
  custom:container-muxer-webm: aa71ff27fc2769a1b78a27578f13a17b -> 
  custom:container-demuxer-webm: 4f35f7cbe854078d1ac9338744f61a02 -> 
  custom:container-demuxer-ogg: 62fdf1f143b41e24485cea50d1cbac27 -> 
  custom:video-encoder-webm-vp8: eb34c28f22e8b96e1ab97ce403110664 -> 
  custom:video-decoder-webm-vp8: 9c59270c3fd7afecdb556c50c9e8de78 -> 
  custom:audio-decoder-ogg-vorbis: bf7c407c2cedff20999df2af8eb42d56 -> 
  custom:audio-encoder-webm-vorbis: bf7c407c2cedff20999df2af8eb42d56 -> 
========================================================================
Received Import Request.
  Time since last request: 129.231200 seconds.
  path: Assets/Scripts/DrumFall.cs
  artifactKey: Guid(444061b8617870242b9a77eedfb083aa) Importer(815301076,1909f56bfc062723c751e8b465ee728b)
Start importing Assets/Scripts/DrumFall.cs using Guid(444061b8617870242b9a77eedfb083aa) Importer(815301076,1909f56bfc062723c751e8b465ee728b)  -> (artifact id: '5fb5a5118360290f9b1548865cde1776') in 0.005395 seconds 
========================================================================
Received Prepare
Registering precompiled user dll's ...
Registered in 0.003533 seconds.
Begin MonoManager ReloadAssembly
Symbol file LoadedFromMemory doesn't match image S:\apps\projects\GitHub\Donkey-Kong-Remastered\Donkey Kong Remastered\Library\PackageCache\com.unity.visualscripting@1.6.1\Editor\VisualScripting.Core\Dependencies\YamlDotNet\Unity.VisualScripting.YamlDotNet.dll
Symbol file LoadedFromMemory doesn't match image S:\apps\projects\GitHub\Donkey-Kong-Remastered\Donkey Kong Remastered\Library\PackageCache\com.unity.visualscripting@1.6.1\Editor\VisualScripting.Core\Dependencies\DotNetZip\Unity.VisualScripting.IonicZip.dll
Native extension for WindowsStandalone target not found
Native extension for WebGL target not found
Refreshing native plugins compatible for Editor in 0.57 ms, found 3 plugins.
Preloading 0 native plugins for Editor in 0.00 ms.
Mono: successfully reloaded assembly
- Completed reload, in  0.929 seconds
Domain Reload Profiling:
	ReloadAssembly (929ms)
		BeginReloadAssembly (103ms)
			ExecutionOrderSort (0ms)
			DisableScriptedObjects (8ms)
			BackupInstance (0ms)
			ReleaseScriptingObjects (0ms)
			CreateAndSetChildDomain (31ms)
		EndReloadAssembly (776ms)
			LoadAssemblies (88ms)
			RebuildTransferFunctionScriptingTraits (0ms)
			SetupTypeCache (302ms)
			ReleaseScriptCaches (1ms)
			RebuildScriptCaches (40ms)
			SetupLoadedEditorAssemblies (252ms)
				LogAssemblyErrors (0ms)
				InitializePlatformSupportModulesInManaged (5ms)
				SetLoadedEditorAssemblies (0ms)
				RefreshPlugins (1ms)
				BeforeProcessingInitializeOnLoad (43ms)
				ProcessInitializeOnLoadAttributes (197ms)
				ProcessInitializeOnLoadMethodAttributes (4ms)
				AfterProcessingInitializeOnLoad (2ms)
				EditorAssembliesLoaded (0ms)
			ExecutionOrderSort2 (0ms)
			AwakeInstancesAfterBackupRestoration (15ms)
Platform modules already initialized, skipping
Refreshing native plugins compatible for Editor in 0.51 ms, found 3 plugins.
Preloading 0 native plugins for Editor in 0.00 ms.
Unloading 2965 Unused Serialized files (Serialized files now loaded: 0)
System memory in use before: 164.8 MB.
System memory in use after: 162.4 MB.

Unloading 26 unused Assets to reduce memory usage. Loaded Objects now: 3997.
Total: 4.029300 ms (FindLiveObjects: 0.266100 ms CreateObjectMapping: 0.118000 ms MarkObjects: 2.627800 ms  DeleteObjects: 1.016500 ms)

AssetImportParameters requested are different than current active one (requested -> active):
  custom:framework-win-MediaFoundation: 216162199b28c13a410421893ffa2e32 -> 
  custom:video-decoder-ogg-theora: a1e56fd34408186e4bbccfd4996cb3dc -> 
  custom:container-muxer-webm: aa71ff27fc2769a1b78a27578f13a17b -> 
  custom:container-demuxer-webm: 4f35f7cbe854078d1ac9338744f61a02 -> 
  custom:container-demuxer-ogg: 62fdf1f143b41e24485cea50d1cbac27 -> 
  custom:video-encoder-webm-vp8: eb34c28f22e8b96e1ab97ce403110664 -> 
  custom:video-decoder-webm-vp8: 9c59270c3fd7afecdb556c50c9e8de78 -> 
  custom:audio-decoder-ogg-vorbis: bf7c407c2cedff20999df2af8eb42d56 -> 
  custom:audio-encoder-webm-vorbis: bf7c407c2cedff20999df2af8eb42d56 -> 
AssetImportWorkerClient::OnTransportError - code=2 error=End of file
